  [1m[35m (1.7ms)[0m  [1m[35mCREATE TABLE "schema_migrations" ("version" varchar NOT NULL PRIMARY KEY)[0m
  [1m[35m (1.0ms)[0m  [1m[35mCREATE TABLE "ar_internal_metadata" ("key" varchar NOT NULL PRIMARY KEY, "value" varchar, "created_at" datetime NOT NULL, "updated_at" datetime NOT NULL)[0m
  [1m[36mActiveRecord::SchemaMigration Load (0.1ms)[0m  [1m[34mSELECT "schema_migrations".* FROM "schema_migrations"[0m
Migrating to DeviseCreateUsers (20160806181333)
  [1m[35m (0.0ms)[0m  [1m[36mbegin transaction[0m
  [1m[35m (0.3ms)[0m  [1m[35mCREATE TABLE "users" ("id" INTEGER PRIMARY KEY AUTOINCREMENT NOT NULL, "email" varchar DEFAULT '' NOT NULL, "encrypted_password" varchar DEFAULT '' NOT NULL, "reset_password_token" varchar, "reset_password_sent_at" datetime, "remember_created_at" datetime, "sign_in_count" integer DEFAULT 0 NOT NULL, "current_sign_in_at" datetime, "last_sign_in_at" datetime, "current_sign_in_ip" varchar, "last_sign_in_ip" varchar, "created_at" datetime NOT NULL, "updated_at" datetime NOT NULL)[0m
  [1m[35m (0.0ms)[0m  [1m[34mselect sqlite_version(*)[0m
  [1m[35m (0.2ms)[0m  [1m[35mCREATE UNIQUE INDEX "index_users_on_email" ON "users" ("email")[0m
  [1m[35m (0.0ms)[0m  [1m[34m            SELECT sql
            FROM sqlite_master
            WHERE name='index_users_on_email' AND type='index'
            UNION ALL
            SELECT sql
            FROM sqlite_temp_master
            WHERE name='index_users_on_email' AND type='index'
[0m
  [1m[35m (0.1ms)[0m  [1m[35mCREATE UNIQUE INDEX "index_users_on_reset_password_token" ON "users" ("reset_password_token")[0m
  [1m[35mSQL (0.1ms)[0m  [1m[32mINSERT INTO "schema_migrations" ("version") VALUES (?)[0m  [["version", "20160806181333"]]
  [1m[35m (1.0ms)[0m  [1m[36mcommit transaction[0m
Migrating to AddFullNameAndTypeToUsers (20160806184238)
  [1m[35m (0.1ms)[0m  [1m[36mbegin transaction[0m
  [1m[35m (0.3ms)[0m  [1m[35mALTER TABLE "users" ADD "first_name" varchar[0m
  [1m[35m (0.1ms)[0m  [1m[35mALTER TABLE "users" ADD "last_name" varchar[0m
  [1m[35m (0.2ms)[0m  [1m[35mALTER TABLE "users" ADD "type" varchar[0m
  [1m[35mSQL (0.1ms)[0m  [1m[32mINSERT INTO "schema_migrations" ("version") VALUES (?)[0m  [["version", "20160806184238"]]
  [1m[35m (0.7ms)[0m  [1m[36mcommit transaction[0m
Migrating to CreateTasks (20160807104315)
  [1m[35m (0.1ms)[0m  [1m[36mbegin transaction[0m
  [1m[35m (0.3ms)[0m  [1m[35mCREATE TABLE "tasks" ("id" INTEGER PRIMARY KEY AUTOINCREMENT NOT NULL, "name" varchar, "picture" varchar, "user_id" integer, "taken_by" integer, "status" boolean DEFAULT 'f', "done" boolean DEFAULT 'f', "created_at" datetime NOT NULL, "updated_at" datetime NOT NULL)[0m
  [1m[35m (0.1ms)[0m  [1m[35mCREATE  INDEX "index_tasks_on_user_id" ON "tasks" ("user_id")[0m
  [1m[35mSQL (0.1ms)[0m  [1m[32mINSERT INTO "schema_migrations" ("version") VALUES (?)[0m  [["version", "20160807104315"]]
  [1m[35m (0.7ms)[0m  [1m[36mcommit transaction[0m
Migrating to AddUsertypeToUsers (20160807143744)
  [1m[35m (0.0ms)[0m  [1m[36mbegin transaction[0m
  [1m[35m (0.3ms)[0m  [1m[35mALTER TABLE "users" ADD "usertype" varchar[0m
  [1m[35mSQL (0.1ms)[0m  [1m[32mINSERT INTO "schema_migrations" ("version") VALUES (?)[0m  [["version", "20160807143744"]]
  [1m[35m (0.7ms)[0m  [1m[36mcommit transaction[0m
Migrating to AddLocationToTask (20160807174006)
  [1m[35m (0.0ms)[0m  [1m[36mbegin transaction[0m
  [1m[35m (0.2ms)[0m  [1m[35mALTER TABLE "tasks" ADD "location" varchar[0m
  [1m[35mSQL (0.1ms)[0m  [1m[32mINSERT INTO "schema_migrations" ("version") VALUES (?)[0m  [["version", "20160807174006"]]
  [1m[35m (0.7ms)[0m  [1m[36mcommit transaction[0m
  [1m[36mActiveRecord::InternalMetadata Load (0.1ms)[0m  [1m[34mSELECT  "ar_internal_metadata".* FROM "ar_internal_metadata" WHERE "ar_internal_metadata"."key" = ? LIMIT ?[0m  [["key", :environment], ["LIMIT", 1]]
  [1m[35m (0.0ms)[0m  [1m[36mbegin transaction[0m
  [1m[35mSQL (0.2ms)[0m  [1m[32mINSERT INTO "ar_internal_metadata" ("key", "value", "created_at", "updated_at") VALUES (?, ?, ?, ?)[0m  [["key", "environment"], ["value", "development"], ["created_at", 2016-08-07 23:15:42 UTC], ["updated_at", 2016-08-07 23:15:42 UTC]]
  [1m[35m (0.6ms)[0m  [1m[36mcommit transaction[0m
  [1m[36mActiveRecord::SchemaMigration Load (0.1ms)[0m  [1m[34mSELECT "schema_migrations".* FROM "schema_migrations"[0m
  [1m[35m (0.1ms)[0m  [1m[34m            SELECT sql
            FROM sqlite_master
            WHERE name='index_tasks_on_user_id' AND type='index'
            UNION ALL
            SELECT sql
            FROM sqlite_temp_master
            WHERE name='index_tasks_on_user_id' AND type='index'
[0m
  [1m[35m (0.2ms)[0m  [1m[34m            SELECT sql
            FROM sqlite_master
            WHERE name='index_users_on_reset_password_token' AND type='index'
            UNION ALL
            SELECT sql
            FROM sqlite_temp_master
            WHERE name='index_users_on_reset_password_token' AND type='index'
[0m
  [1m[35m (0.1ms)[0m  [1m[34m            SELECT sql
            FROM sqlite_master
            WHERE name='index_users_on_email' AND type='index'
            UNION ALL
            SELECT sql
            FROM sqlite_temp_master
            WHERE name='index_users_on_email' AND type='index'
[0m
Started GET "/" for ::1 at 2016-08-07 19:16:35 -0400
  [1m[36mActiveRecord::SchemaMigration Load (0.2ms)[0m  [1m[34mSELECT "schema_migrations".* FROM "schema_migrations"[0m
Processing by TasksController#index as HTML
Completed 401 Unauthorized in 16ms (ActiveRecord: 0.0ms)


Started GET "/users/sign_in" for ::1 at 2016-08-07 19:16:35 -0400
Processing by Devise::SessionsController#new as HTML
  Rendering devise/sessions/new.html.erb within layouts/application
  Rendered devise/shared/_links.html.erb (1.2ms)
  Rendered devise/sessions/new.html.erb within layouts/application (21.9ms)
Completed 200 OK in 1272ms (Views: 1256.9ms | ActiveRecord: 0.6ms)


Started GET "/images/favicon.ico" for ::1 at 2016-08-07 19:16:36 -0400
  
ActionController::RoutingError (No route matches [GET] "/images/favicon.ico"):
  
actionpack (5.0.0) lib/action_dispatch/middleware/debug_exceptions.rb:53:in `call'
web-console (3.3.1) lib/web_console/middleware.rb:131:in `call_app'
web-console (3.3.1) lib/web_console/middleware.rb:28:in `block in call'
web-console (3.3.1) lib/web_console/middleware.rb:18:in `catch'
web-console (3.3.1) lib/web_console/middleware.rb:18:in `call'
actionpack (5.0.0) lib/action_dispatch/middleware/show_exceptions.rb:31:in `call'
railties (5.0.0) lib/rails/rack/logger.rb:36:in `call_app'
railties (5.0.0) lib/rails/rack/logger.rb:24:in `block in call'
activesupport (5.0.0) lib/active_support/tagged_logging.rb:70:in `block in tagged'
activesupport (5.0.0) lib/active_support/tagged_logging.rb:26:in `tagged'
activesupport (5.0.0) lib/active_support/tagged_logging.rb:70:in `tagged'
railties (5.0.0) lib/rails/rack/logger.rb:24:in `call'
sprockets-rails (3.1.1) lib/sprockets/rails/quiet_assets.rb:13:in `call'
actionpack (5.0.0) lib/action_dispatch/middleware/request_id.rb:24:in `call'
rack (2.0.1) lib/rack/method_override.rb:22:in `call'
rack (2.0.1) lib/rack/runtime.rb:22:in `call'
activesupport (5.0.0) lib/active_support/cache/strategy/local_cache_middleware.rb:28:in `call'
actionpack (5.0.0) lib/action_dispatch/middleware/executor.rb:12:in `call'
actionpack (5.0.0) lib/action_dispatch/middleware/static.rb:136:in `call'
rack (2.0.1) lib/rack/sendfile.rb:111:in `call'
railties (5.0.0) lib/rails/engine.rb:522:in `call'
puma (3.6.0) lib/puma/configuration.rb:225:in `call'
puma (3.6.0) lib/puma/server.rb:578:in `handle_request'
puma (3.6.0) lib/puma/server.rb:415:in `process_client'
puma (3.6.0) lib/puma/server.rb:275:in `block in run'
puma (3.6.0) lib/puma/thread_pool.rb:116:in `block in spawn_thread'
  Rendering /Users/nuribayram/.rvm/gems/ruby-2.3.1/gems/actionpack-5.0.0/lib/action_dispatch/middleware/templates/rescues/routing_error.html.erb within rescues/layout
  Rendering /Users/nuribayram/.rvm/gems/ruby-2.3.1/gems/actionpack-5.0.0/lib/action_dispatch/middleware/templates/rescues/_trace.html.erb
  Rendered /Users/nuribayram/.rvm/gems/ruby-2.3.1/gems/actionpack-5.0.0/lib/action_dispatch/middleware/templates/rescues/_trace.html.erb (1.0ms)
  Rendered collection of /Users/nuribayram/.rvm/gems/ruby-2.3.1/gems/actionpack-5.0.0/lib/action_dispatch/middleware/templates/routes/_route.html.erb [24 times] (14.4ms)
  Rendered /Users/nuribayram/.rvm/gems/ruby-2.3.1/gems/actionpack-5.0.0/lib/action_dispatch/middleware/templates/routes/_table.html.erb (2.4ms)
  Rendering /Users/nuribayram/.rvm/gems/ruby-2.3.1/gems/actionpack-5.0.0/lib/action_dispatch/middleware/templates/rescues/_request_and_response.html.erb
  Rendered /Users/nuribayram/.rvm/gems/ruby-2.3.1/gems/actionpack-5.0.0/lib/action_dispatch/middleware/templates/rescues/_request_and_response.html.erb (2.3ms)
  Rendered /Users/nuribayram/.rvm/gems/ruby-2.3.1/gems/actionpack-5.0.0/lib/action_dispatch/middleware/templates/rescues/routing_error.html.erb within rescues/layout (96.5ms)
Started GET "/users/sign_up" for ::1 at 2016-08-07 19:16:40 -0400
Processing by Devise::RegistrationsController#new as HTML
  Rendering devise/registrations/new.html.erb within layouts/application
  Rendered devise/shared/_links.html.erb (1.1ms)
  Rendered devise/registrations/new.html.erb within layouts/application (6.7ms)
Completed 200 OK in 76ms (Views: 75.3ms | ActiveRecord: 0.0ms)


Started GET "/users/sign_in" for ::1 at 2016-08-07 19:16:43 -0400
Processing by Devise::SessionsController#new as HTML
  Rendering devise/sessions/new.html.erb within layouts/application
  Rendered devise/shared/_links.html.erb (3.1ms)
  Rendered devise/sessions/new.html.erb within layouts/application (10.3ms)
Completed 200 OK in 95ms (Views: 93.4ms | ActiveRecord: 0.0ms)


Started GET "/" for ::1 at 2016-08-07 19:16:51 -0400
Processing by TasksController#index as HTML
Completed 401 Unauthorized in 1ms (ActiveRecord: 0.0ms)


Started GET "/users/sign_in" for ::1 at 2016-08-07 19:16:51 -0400
Processing by Devise::SessionsController#new as HTML
  Rendering devise/sessions/new.html.erb within layouts/application
  Rendered devise/shared/_links.html.erb (0.9ms)
  Rendered devise/sessions/new.html.erb within layouts/application (5.1ms)
Completed 200 OK in 68ms (Views: 67.0ms | ActiveRecord: 0.0ms)


Started POST "/users/sign_in" for ::1 at 2016-08-07 19:17:10 -0400
Processing by Devise::SessionsController#create as HTML
  Parameters: {"utf8"=>"✓", "authenticity_token"=>"9W3ZH1k2FSiVs766gWY5ai/iuFCHxNvMMBatArU5KE/JZ9b3MdkTifZWpMyweYTu7SOnEdmSy4be4Oay0EnFYw==", "user"=>{"email"=>"contributor@me.com", "password"=>"[FILTERED]", "remember_me"=>"0"}, "commit"=>"Sign in"}
  [1m[36mUser Load (0.2ms)[0m  [1m[34mSELECT  "users".* FROM "users" WHERE "users"."email" = ? ORDER BY "users"."id" ASC LIMIT ?[0m  [["email", "contributor@me.com"], ["LIMIT", 1]]
Completed 401 Unauthorized in 8ms (ActiveRecord: 0.2ms)


Processing by Devise::SessionsController#new as HTML
  Parameters: {"utf8"=>"✓", "authenticity_token"=>"9W3ZH1k2FSiVs766gWY5ai/iuFCHxNvMMBatArU5KE/JZ9b3MdkTifZWpMyweYTu7SOnEdmSy4be4Oay0EnFYw==", "user"=>{"email"=>"contributor@me.com", "password"=>"[FILTERED]", "remember_me"=>"0"}, "commit"=>"Sign in"}
  Rendering devise/sessions/new.html.erb within layouts/application
  Rendered devise/shared/_links.html.erb (1.0ms)
  Rendered devise/sessions/new.html.erb within layouts/application (4.9ms)
Completed 200 OK in 238ms (Views: 64.3ms | ActiveRecord: 0.0ms)


Started GET "/users/sign_up" for ::1 at 2016-08-07 19:17:13 -0400
Processing by Devise::RegistrationsController#new as HTML
  Rendering devise/registrations/new.html.erb within layouts/application
  Rendered devise/shared/_links.html.erb (1.0ms)
  Rendered devise/registrations/new.html.erb within layouts/application (5.3ms)
Completed 200 OK in 67ms (Views: 65.9ms | ActiveRecord: 0.0ms)


Started POST "/users" for ::1 at 2016-08-07 19:17:24 -0400
Processing by Devise::RegistrationsController#create as HTML
  Parameters: {"utf8"=>"✓", "authenticity_token"=>"adjFGrAWEJajZHjM/wLIqH6VbXEiX9+9ixXGIgEV68dV0sry2PkWN8CBYrrOHXUsvFRyMHwJz/dl442SZGUG6w==", "user"=>{"email"=>"contributor@me.com", "first_name"=>"c", "last_name"=>"c", "password"=>"[FILTERED]", "password_confirmation"=>"[FILTERED]", "usertype"=>"contributor"}, "commit"=>"Sign up"}
  [1m[35m (0.1ms)[0m  [1m[36mbegin transaction[0m
  [1m[36mUser Exists (0.1ms)[0m  [1m[34mSELECT  1 AS one FROM "users" WHERE "users"."email" = ? LIMIT ?[0m  [["email", "contributor@me.com"], ["LIMIT", 1]]
  [1m[35mSQL (0.4ms)[0m  [1m[32mINSERT INTO "users" ("email", "encrypted_password", "created_at", "updated_at", "first_name", "last_name", "usertype") VALUES (?, ?, ?, ?, ?, ?, ?)[0m  [["email", "contributor@me.com"], ["encrypted_password", "$2a$11$gEk0e8hNE4yAVWJfj0j8keTgabklbHfRTDhgbiNCe7l4ll8i0etJ6"], ["created_at", 2016-08-07 23:17:25 UTC], ["updated_at", 2016-08-07 23:17:25 UTC], ["first_name", "c"], ["last_name", "c"], ["usertype", "contributor"]]
  [1m[35m (0.7ms)[0m  [1m[36mcommit transaction[0m
  [1m[35m (0.0ms)[0m  [1m[36mbegin transaction[0m
  [1m[35mSQL (0.2ms)[0m  [1m[33mUPDATE "users" SET "sign_in_count" = ?, "current_sign_in_at" = ?, "last_sign_in_at" = ?, "current_sign_in_ip" = ?, "last_sign_in_ip" = ?, "updated_at" = ? WHERE "users"."id" = ?[0m  [["sign_in_count", 1], ["current_sign_in_at", 2016-08-07 23:17:25 UTC], ["last_sign_in_at", 2016-08-07 23:17:25 UTC], ["current_sign_in_ip", "::1"], ["last_sign_in_ip", "::1"], ["updated_at", 2016-08-07 23:17:25 UTC], ["id", 1]]
  [1m[35m (0.7ms)[0m  [1m[36mcommit transaction[0m
Redirected to http://localhost:3000/
Completed 302 Found in 184ms (ActiveRecord: 2.2ms)


Started GET "/" for ::1 at 2016-08-07 19:17:25 -0400
Processing by TasksController#index as HTML
  [1m[36mUser Load (0.2ms)[0m  [1m[34mSELECT  "users".* FROM "users" WHERE "users"."id" = ? ORDER BY "users"."id" ASC LIMIT ?[0m  [["id", 1], ["LIMIT", 1]]
  Rendering tasks/index.html.erb within layouts/application
  [1m[36mTask Load (0.2ms)[0m  [1m[34mSELECT "tasks".* FROM "tasks"[0m
  Rendered tasks/index.html.erb within layouts/application (3.9ms)
Completed 200 OK in 62ms (Views: 51.5ms | ActiveRecord: 0.5ms)


Started GET "/tasks/new" for ::1 at 2016-08-07 19:17:26 -0400
Processing by TasksController#new as HTML
  [1m[36mUser Load (0.2ms)[0m  [1m[34mSELECT  "users".* FROM "users" WHERE "users"."id" = ? ORDER BY "users"."id" ASC LIMIT ?[0m  [["id", 1], ["LIMIT", 1]]
  Rendering tasks/new.html.erb within layouts/application
  Rendered tasks/new.html.erb within layouts/application (4.5ms)
Completed 200 OK in 68ms (Views: 59.5ms | ActiveRecord: 0.3ms)


Started POST "/tasks" for ::1 at 2016-08-07 19:17:40 -0400
Processing by TasksController#create as HTML
  Parameters: {"utf8"=>"✓", "authenticity_token"=>"NRpdsxCHC9cXSBpdxJZS3tKg36iYzq8OIrx/BmO8omEJEFJbeGgNdnStACv1ie9aEGHA6caYv0TMSjS2BsxPTQ==", "task"=>{"name"=>"task1", "location"=>"location1", "picture"=>#<ActionDispatch::Http::UploadedFile:0x007febedc49420 @tempfile=#<Tempfile:/var/folders/nn/z7bbhyfj795dkp3596ys9jk40000gp/T/RackMultipart20160807-1252-12ttbwk.png>, @original_filename="Screen Shot 2016-07-13 at 19.51.43.png", @content_type="image/png", @headers="Content-Disposition: form-data; name=\"task[picture]\"; filename=\"Screen Shot 2016-07-13 at 19.51.43.png\"\r\nContent-Type: image/png\r\n">}, "commit"=>"Create Task"}
  [1m[36mUser Load (0.2ms)[0m  [1m[34mSELECT  "users".* FROM "users" WHERE "users"."id" = ? ORDER BY "users"."id" ASC LIMIT ?[0m  [["id", 1], ["LIMIT", 1]]
  [1m[35m (0.1ms)[0m  [1m[36mbegin transaction[0m
  [1m[35mSQL (0.3ms)[0m  [1m[32mINSERT INTO "tasks" ("name", "picture", "user_id", "created_at", "updated_at", "location") VALUES (?, ?, ?, ?, ?, ?)[0m  [["name", "task1"], ["picture", "Screen_Shot_2016-07-13_at_19.51.43.png"], ["user_id", 1], ["created_at", 2016-08-07 23:17:40 UTC], ["updated_at", 2016-08-07 23:17:40 UTC], ["location", "location1"]]
  [1m[35m (0.9ms)[0m  [1m[36mcommit transaction[0m
Redirected to http://localhost:3000/tasks/1
Completed 302 Found in 224ms (ActiveRecord: 1.4ms)


Started GET "/tasks/1" for ::1 at 2016-08-07 19:17:41 -0400
Processing by TasksController#show as HTML
  Parameters: {"id"=>"1"}
  [1m[36mUser Load (0.2ms)[0m  [1m[34mSELECT  "users".* FROM "users" WHERE "users"."id" = ? ORDER BY "users"."id" ASC LIMIT ?[0m  [["id", 1], ["LIMIT", 1]]
  [1m[36mTask Load (0.2ms)[0m  [1m[34mSELECT  "tasks".* FROM "tasks" WHERE "tasks"."id" = ? LIMIT ?[0m  [["id", 1], ["LIMIT", 1]]
  Rendering tasks/show.html.erb within layouts/application
  [1m[36mUser Load (0.2ms)[0m  [1m[34mSELECT  "users".* FROM "users" WHERE "users"."id" = ? LIMIT ?[0m  [["id", 1], ["LIMIT", 1]]
  Rendered tasks/show.html.erb within layouts/application (10.1ms)
Completed 200 OK in 96ms (Views: 90.1ms | ActiveRecord: 0.6ms)


Started GET "/tasks" for ::1 at 2016-08-07 19:17:47 -0400
Processing by TasksController#index as HTML
  [1m[36mUser Load (0.4ms)[0m  [1m[34mSELECT  "users".* FROM "users" WHERE "users"."id" = ? ORDER BY "users"."id" ASC LIMIT ?[0m  [["id", 1], ["LIMIT", 1]]
  Rendering tasks/index.html.erb within layouts/application
  [1m[36mTask Load (0.1ms)[0m  [1m[34mSELECT "tasks".* FROM "tasks"[0m
  [1m[36mUser Load (0.1ms)[0m  [1m[34mSELECT  "users".* FROM "users" WHERE "users"."id" = ? LIMIT ?[0m  [["id", 1], ["LIMIT", 1]]
  Rendered tasks/index.html.erb within layouts/application (5.7ms)
Completed 200 OK in 79ms (Views: 75.9ms | ActiveRecord: 0.6ms)


Started DELETE "/users/sign_out" for ::1 at 2016-08-07 19:17:50 -0400
Processing by Devise::SessionsController#destroy as HTML
  Parameters: {"authenticity_token"=>"h8cZZRhze+A3szG+BFr8BKBB+NURPMEXtfsd5Vn5wyW7zRaNcJx9QVRWK8g1RUGAYoDnlE9q0V1bDVZVPIkuCQ=="}
  [1m[36mUser Load (0.2ms)[0m  [1m[34mSELECT  "users".* FROM "users" WHERE "users"."id" = ? ORDER BY "users"."id" ASC LIMIT ?[0m  [["id", 1], ["LIMIT", 1]]
  [1m[35m (0.1ms)[0m  [1m[36mbegin transaction[0m
  [1m[35m (0.0ms)[0m  [1m[36mcommit transaction[0m
Redirected to http://localhost:3000/
Completed 302 Found in 7ms (ActiveRecord: 0.3ms)


Started GET "/" for ::1 at 2016-08-07 19:17:50 -0400
Processing by TasksController#index as HTML
Completed 401 Unauthorized in 1ms (ActiveRecord: 0.0ms)


Started GET "/users/sign_in" for ::1 at 2016-08-07 19:17:50 -0400
Processing by Devise::SessionsController#new as HTML
  Rendering devise/sessions/new.html.erb within layouts/application
  Rendered devise/shared/_links.html.erb (1.4ms)
  Rendered devise/sessions/new.html.erb within layouts/application (4.9ms)
Completed 200 OK in 68ms (Views: 66.6ms | ActiveRecord: 0.0ms)


Started GET "/users/sign_up" for ::1 at 2016-08-07 19:17:55 -0400
Processing by Devise::RegistrationsController#new as HTML
  Rendering devise/registrations/new.html.erb within layouts/application
  Rendered devise/shared/_links.html.erb (1.2ms)
  Rendered devise/registrations/new.html.erb within layouts/application (7.2ms)
Completed 200 OK in 75ms (Views: 73.9ms | ActiveRecord: 0.0ms)


Started POST "/users" for ::1 at 2016-08-07 19:18:09 -0400
Processing by Devise::RegistrationsController#create as HTML
  Parameters: {"utf8"=>"✓", "authenticity_token"=>"pGOpV64C9f5MpuF0X7ks1j9LVup9bnzQXWwXGH1oz3EQNzTyyh8Sdg+fSp3fPQ6OGTZ+H1qXbbvT8PfnqnX//g==", "user"=>{"email"=>"planeteer@me.com", "first_name"=>"p", "last_name"=>"p", "password"=>"[FILTERED]", "password_confirmation"=>"[FILTERED]", "usertype"=>"planeteer"}, "commit"=>"Sign up"}
  [1m[35m (0.1ms)[0m  [1m[36mbegin transaction[0m
  [1m[36mUser Exists (0.1ms)[0m  [1m[34mSELECT  1 AS one FROM "users" WHERE "users"."email" = ? LIMIT ?[0m  [["email", "planeteer@me.com"], ["LIMIT", 1]]
  [1m[35mSQL (0.3ms)[0m  [1m[32mINSERT INTO "users" ("email", "encrypted_password", "created_at", "updated_at", "first_name", "last_name", "usertype") VALUES (?, ?, ?, ?, ?, ?, ?)[0m  [["email", "planeteer@me.com"], ["encrypted_password", "$2a$11$hOdIRWMr6IE1hURdGJOkTeAnp9zslhp6H38NcIqbmV288Anh1mR6u"], ["created_at", 2016-08-07 23:18:09 UTC], ["updated_at", 2016-08-07 23:18:09 UTC], ["first_name", "p"], ["last_name", "p"], ["usertype", "planeteer"]]
  [1m[35m (1.6ms)[0m  [1m[36mcommit transaction[0m
  [1m[35m (0.1ms)[0m  [1m[36mbegin transaction[0m
  [1m[35mSQL (0.3ms)[0m  [1m[33mUPDATE "users" SET "sign_in_count" = ?, "current_sign_in_at" = ?, "last_sign_in_at" = ?, "current_sign_in_ip" = ?, "last_sign_in_ip" = ?, "updated_at" = ? WHERE "users"."id" = ?[0m  [["sign_in_count", 1], ["current_sign_in_at", 2016-08-07 23:18:09 UTC], ["last_sign_in_at", 2016-08-07 23:18:09 UTC], ["current_sign_in_ip", "::1"], ["last_sign_in_ip", "::1"], ["updated_at", 2016-08-07 23:18:09 UTC], ["id", 2]]
  [1m[35m (0.8ms)[0m  [1m[36mcommit transaction[0m
Redirected to http://localhost:3000/
Completed 302 Found in 165ms (ActiveRecord: 3.1ms)


Started GET "/" for ::1 at 2016-08-07 19:18:09 -0400
Processing by TasksController#index as HTML
  [1m[36mUser Load (0.2ms)[0m  [1m[34mSELECT  "users".* FROM "users" WHERE "users"."id" = ? ORDER BY "users"."id" ASC LIMIT ?[0m  [["id", 2], ["LIMIT", 1]]
  Rendering tasks/index.html.erb within layouts/application
  [1m[36mTask Load (0.1ms)[0m  [1m[34mSELECT "tasks".* FROM "tasks"[0m
  [1m[36mUser Load (0.1ms)[0m  [1m[34mSELECT  "users".* FROM "users" WHERE "users"."id" = ? LIMIT ?[0m  [["id", 1], ["LIMIT", 1]]
  Rendered tasks/index.html.erb within layouts/application (4.7ms)
Completed 200 OK in 63ms (Views: 60.9ms | ActiveRecord: 0.3ms)


Started GET "/tasks/1/edit" for ::1 at 2016-08-07 19:18:15 -0400
Processing by TasksController#edit as HTML
  Parameters: {"id"=>"1"}
  [1m[36mUser Load (0.1ms)[0m  [1m[34mSELECT  "users".* FROM "users" WHERE "users"."id" = ? ORDER BY "users"."id" ASC LIMIT ?[0m  [["id", 2], ["LIMIT", 1]]
  [1m[36mTask Load (0.1ms)[0m  [1m[34mSELECT  "tasks".* FROM "tasks" WHERE "tasks"."id" = ? LIMIT ?[0m  [["id", 1], ["LIMIT", 1]]
  [1m[36mUser Load (0.1ms)[0m  [1m[34mSELECT  "users".* FROM "users" WHERE "users"."id" = ? LIMIT ?[0m  [["id", 1], ["LIMIT", 1]]
  Rendering tasks/edit.html.erb within layouts/application
  Rendered tasks/_form.html.erb (2.2ms)
  Rendered tasks/edit.html.erb within layouts/application (4.2ms)
Completed 200 OK in 55ms (Views: 51.6ms | ActiveRecord: 0.3ms)


Started PATCH "/tasks/1" for ::1 at 2016-08-07 19:18:20 -0400
Processing by TasksController#update as HTML
  Parameters: {"utf8"=>"✓", "authenticity_token"=>"F2sLiIZfM2fcxtYlZphPAA1RwZJiY90dwQLk45avwuWjP5Yt4kLU75//fczmHG1YKyzpZ0WazHZPngQcQbLyag==", "task"=>{"taken_by"=>"2", "status"=>"true"}, "commit"=>"Update Task", "id"=>"1"}
  [1m[36mUser Load (0.2ms)[0m  [1m[34mSELECT  "users".* FROM "users" WHERE "users"."id" = ? ORDER BY "users"."id" ASC LIMIT ?[0m  [["id", 2], ["LIMIT", 1]]
  [1m[36mTask Load (0.1ms)[0m  [1m[34mSELECT  "tasks".* FROM "tasks" WHERE "tasks"."id" = ? LIMIT ?[0m  [["id", 1], ["LIMIT", 1]]
  [1m[35m (0.0ms)[0m  [1m[36mbegin transaction[0m
  [1m[36mUser Load (0.1ms)[0m  [1m[34mSELECT  "users".* FROM "users" WHERE "users"."id" = ? LIMIT ?[0m  [["id", 1], ["LIMIT", 1]]
  [1m[35mSQL (0.2ms)[0m  [1m[33mUPDATE "tasks" SET "status" = ?, "taken_by" = ?, "updated_at" = ? WHERE "tasks"."id" = ?[0m  [["status", true], ["taken_by", 2], ["updated_at", 2016-08-07 23:18:20 UTC], ["id", 1]]
  [1m[35m (1.1ms)[0m  [1m[36mcommit transaction[0m
Redirected to http://localhost:3000/tasks/1
Completed 302 Found in 7ms (ActiveRecord: 1.6ms)


Started GET "/tasks/1" for ::1 at 2016-08-07 19:18:20 -0400
Processing by TasksController#show as HTML
  Parameters: {"id"=>"1"}
  [1m[36mUser Load (0.1ms)[0m  [1m[34mSELECT  "users".* FROM "users" WHERE "users"."id" = ? ORDER BY "users"."id" ASC LIMIT ?[0m  [["id", 2], ["LIMIT", 1]]
  [1m[36mTask Load (0.1ms)[0m  [1m[34mSELECT  "tasks".* FROM "tasks" WHERE "tasks"."id" = ? LIMIT ?[0m  [["id", 1], ["LIMIT", 1]]
  Rendering tasks/show.html.erb within layouts/application
  [1m[36mUser Load (0.1ms)[0m  [1m[34mSELECT  "users".* FROM "users" WHERE "users"."id" = ? LIMIT ?[0m  [["id", 1], ["LIMIT", 1]]
  Rendered tasks/show.html.erb within layouts/application (3.6ms)
Completed 200 OK in 57ms (Views: 54.6ms | ActiveRecord: 0.3ms)


Started GET "/tasks" for ::1 at 2016-08-07 19:18:25 -0400
Processing by TasksController#index as HTML
  [1m[36mUser Load (0.2ms)[0m  [1m[34mSELECT  "users".* FROM "users" WHERE "users"."id" = ? ORDER BY "users"."id" ASC LIMIT ?[0m  [["id", 2], ["LIMIT", 1]]
  Rendering tasks/index.html.erb within layouts/application
  [1m[36mTask Load (0.1ms)[0m  [1m[34mSELECT "tasks".* FROM "tasks"[0m
  [1m[36mUser Load (0.1ms)[0m  [1m[34mSELECT  "users".* FROM "users" WHERE "users"."id" = ? LIMIT ?[0m  [["id", 1], ["LIMIT", 1]]
  Rendered tasks/index.html.erb within layouts/application (3.9ms)
Completed 200 OK in 63ms (Views: 60.4ms | ActiveRecord: 0.3ms)


Started GET "/tasks/1/edit" for ::1 at 2016-08-07 19:18:27 -0400
Processing by TasksController#edit as HTML
  Parameters: {"id"=>"1"}
  [1m[36mUser Load (0.2ms)[0m  [1m[34mSELECT  "users".* FROM "users" WHERE "users"."id" = ? ORDER BY "users"."id" ASC LIMIT ?[0m  [["id", 2], ["LIMIT", 1]]
  [1m[36mTask Load (0.1ms)[0m  [1m[34mSELECT  "tasks".* FROM "tasks" WHERE "tasks"."id" = ? LIMIT ?[0m  [["id", 1], ["LIMIT", 1]]
  [1m[36mUser Load (0.0ms)[0m  [1m[34mSELECT  "users".* FROM "users" WHERE "users"."id" = ? LIMIT ?[0m  [["id", 1], ["LIMIT", 1]]
  Rendering tasks/edit.html.erb within layouts/application
  Rendered tasks/_form.html.erb (3.7ms)
  Rendered tasks/edit.html.erb within layouts/application (6.9ms)
Completed 200 OK in 70ms (Views: 66.8ms | ActiveRecord: 0.3ms)


Started PATCH "/tasks/1" for ::1 at 2016-08-07 19:18:30 -0400
Processing by TasksController#update as HTML
  Parameters: {"utf8"=>"✓", "authenticity_token"=>"wk2/nf7555srB48WCw07dSrqgcMWhhUt+AqCNbOKi1p2GSI4muQAE2g+JP+LiRktDJepNjF/BEZ2lmLKZJe71Q==", "task"=>{"done"=>"true"}, "commit"=>"Update Task", "id"=>"1"}
  [1m[36mUser Load (0.2ms)[0m  [1m[34mSELECT  "users".* FROM "users" WHERE "users"."id" = ? ORDER BY "users"."id" ASC LIMIT ?[0m  [["id", 2], ["LIMIT", 1]]
  [1m[36mTask Load (0.1ms)[0m  [1m[34mSELECT  "tasks".* FROM "tasks" WHERE "tasks"."id" = ? LIMIT ?[0m  [["id", 1], ["LIMIT", 1]]
  [1m[35m (0.0ms)[0m  [1m[36mbegin transaction[0m
  [1m[36mUser Load (0.1ms)[0m  [1m[34mSELECT  "users".* FROM "users" WHERE "users"."id" = ? LIMIT ?[0m  [["id", 1], ["LIMIT", 1]]
  [1m[35mSQL (0.2ms)[0m  [1m[33mUPDATE "tasks" SET "done" = ?, "updated_at" = ? WHERE "tasks"."id" = ?[0m  [["done", true], ["updated_at", 2016-08-07 23:18:30 UTC], ["id", 1]]
  [1m[35m (1.2ms)[0m  [1m[36mcommit transaction[0m
Redirected to http://localhost:3000/tasks/1
Completed 302 Found in 7ms (ActiveRecord: 1.7ms)


Started GET "/tasks/1" for ::1 at 2016-08-07 19:18:30 -0400
Processing by TasksController#show as HTML
  Parameters: {"id"=>"1"}
  [1m[36mUser Load (0.4ms)[0m  [1m[34mSELECT  "users".* FROM "users" WHERE "users"."id" = ? ORDER BY "users"."id" ASC LIMIT ?[0m  [["id", 2], ["LIMIT", 1]]
  [1m[36mTask Load (0.1ms)[0m  [1m[34mSELECT  "tasks".* FROM "tasks" WHERE "tasks"."id" = ? LIMIT ?[0m  [["id", 1], ["LIMIT", 1]]
  Rendering tasks/show.html.erb within layouts/application
  [1m[36mUser Load (0.1ms)[0m  [1m[34mSELECT  "users".* FROM "users" WHERE "users"."id" = ? LIMIT ?[0m  [["id", 1], ["LIMIT", 1]]
  Rendered tasks/show.html.erb within layouts/application (3.1ms)
Completed 200 OK in 69ms (Views: 64.7ms | ActiveRecord: 0.6ms)


Started GET "/tasks" for ::1 at 2016-08-07 19:18:34 -0400
Processing by TasksController#index as HTML
  [1m[36mUser Load (0.2ms)[0m  [1m[34mSELECT  "users".* FROM "users" WHERE "users"."id" = ? ORDER BY "users"."id" ASC LIMIT ?[0m  [["id", 2], ["LIMIT", 1]]
  Rendering tasks/index.html.erb within layouts/application
  [1m[36mTask Load (0.1ms)[0m  [1m[34mSELECT "tasks".* FROM "tasks"[0m
  [1m[36mUser Load (0.1ms)[0m  [1m[34mSELECT  "users".* FROM "users" WHERE "users"."id" = ? LIMIT ?[0m  [["id", 1], ["LIMIT", 1]]
  Rendered tasks/index.html.erb within layouts/application (4.3ms)
Completed 200 OK in 61ms (Views: 57.9ms | ActiveRecord: 0.4ms)


Started DELETE "/users/sign_out" for ::1 at 2016-08-07 19:25:43 -0400
Processing by Devise::SessionsController#destroy as HTML
  Parameters: {"authenticity_token"=>"47tT+WYXiLDDCvxIX1PWnd+ovs5c82rJ3VhZ3VeDHJ5X785cAgpvOIAzV6Hf1/TF+dWWO3sKe6JTxLkigJ4sEQ=="}
  [1m[36mUser Load (0.1ms)[0m  [1m[34mSELECT  "users".* FROM "users" WHERE "users"."id" = ? ORDER BY "users"."id" ASC LIMIT ?[0m  [["id", 2], ["LIMIT", 1]]
  [1m[35m (0.0ms)[0m  [1m[36mbegin transaction[0m
  [1m[35m (0.1ms)[0m  [1m[36mcommit transaction[0m
Redirected to http://localhost:3000/
Completed 302 Found in 3ms (ActiveRecord: 0.3ms)


Started GET "/" for ::1 at 2016-08-07 19:25:43 -0400
Processing by TasksController#index as HTML
Completed 401 Unauthorized in 0ms (ActiveRecord: 0.0ms)


Started GET "/users/sign_in" for ::1 at 2016-08-07 19:25:43 -0400
Processing by Devise::SessionsController#new as HTML
  Rendering devise/sessions/new.html.erb within layouts/application
  Rendered devise/shared/_links.html.erb (0.9ms)
  Rendered devise/sessions/new.html.erb within layouts/application (4.1ms)
Completed 200 OK in 61ms (Views: 59.9ms | ActiveRecord: 0.0ms)


Started GET "/" for ::1 at 2016-08-08 11:24:37 -0400
Processing by TasksController#index as HTML
Completed 401 Unauthorized in 7ms (ActiveRecord: 0.0ms)


Started GET "/users/sign_in" for ::1 at 2016-08-08 11:24:38 -0400
Processing by Devise::SessionsController#new as HTML
  Rendering devise/sessions/new.html.erb within layouts/application
  Rendered devise/shared/_links.html.erb (2.2ms)
  Rendered devise/sessions/new.html.erb within layouts/application (19.1ms)
Completed 200 OK in 159ms (Views: 151.2ms | ActiveRecord: 0.0ms)


Started POST "/users/sign_in" for ::1 at 2016-08-08 11:26:43 -0400
Processing by Devise::SessionsController#create as HTML
  Parameters: {"utf8"=>"✓", "authenticity_token"=>"+lYEwDdk1co7/wrqEPlcnU2sSLf4CMvluFs5piI9FLNk/2KnwjvoIHppVzKlvteXzaz4V+azVkEtrsIW14O1/w==", "user"=>{"email"=>"planeteer@me.com", "password"=>"[FILTERED]", "remember_me"=>"0"}, "commit"=>"Sign in"}
  [1m[36mUser Load (1.3ms)[0m  [1m[34mSELECT  "users".* FROM "users" WHERE "users"."email" = ? ORDER BY "users"."id" ASC LIMIT ?[0m  [["email", "planeteer@me.com"], ["LIMIT", 1]]
  [1m[35m (0.2ms)[0m  [1m[36mbegin transaction[0m
  [1m[35mSQL (0.3ms)[0m  [1m[33mUPDATE "users" SET "current_sign_in_at" = ?, "sign_in_count" = ?, "updated_at" = ? WHERE "users"."id" = ?[0m  [["current_sign_in_at", 2016-08-08 15:26:44 UTC], ["sign_in_count", 2], ["updated_at", 2016-08-08 15:26:44 UTC], ["id", 2]]
  [1m[35m (1.4ms)[0m  [1m[36mcommit transaction[0m
Redirected to http://localhost:3000/
Completed 302 Found in 166ms (ActiveRecord: 3.3ms)


Started GET "/" for ::1 at 2016-08-08 11:26:44 -0400
Processing by TasksController#index as HTML
  [1m[36mUser Load (0.2ms)[0m  [1m[34mSELECT  "users".* FROM "users" WHERE "users"."id" = ? ORDER BY "users"."id" ASC LIMIT ?[0m  [["id", 2], ["LIMIT", 1]]
  Rendering tasks/index.html.erb within layouts/application
  [1m[36mTask Load (0.3ms)[0m  [1m[34mSELECT "tasks".* FROM "tasks"[0m
  [1m[36mUser Load (0.1ms)[0m  [1m[34mSELECT  "users".* FROM "users" WHERE "users"."id" = ? LIMIT ?[0m  [["id", 1], ["LIMIT", 1]]
  Rendered tasks/index.html.erb within layouts/application (8.1ms)
Completed 200 OK in 131ms (Views: 128.1ms | ActiveRecord: 0.7ms)


Started DELETE "/users/sign_out" for ::1 at 2016-08-08 11:27:49 -0400
Processing by Devise::SessionsController#destroy as HTML
  Parameters: {"authenticity_token"=>"kATTAV25kGcDGbfuMI5814ov7Hc2cU90jDlYm3cOde0tmcG7EvRjOKHT8o1VJJsSiTc2cs6hYAHNxOhL1bV9sw=="}
  [1m[36mUser Load (0.2ms)[0m  [1m[34mSELECT  "users".* FROM "users" WHERE "users"."id" = ? ORDER BY "users"."id" ASC LIMIT ?[0m  [["id", 2], ["LIMIT", 1]]
  [1m[35m (0.1ms)[0m  [1m[36mbegin transaction[0m
  [1m[35m (0.0ms)[0m  [1m[36mcommit transaction[0m
Redirected to http://localhost:3000/
Completed 302 Found in 4ms (ActiveRecord: 0.3ms)


Started GET "/" for ::1 at 2016-08-08 11:27:49 -0400
Processing by TasksController#index as HTML
Completed 401 Unauthorized in 0ms (ActiveRecord: 0.0ms)


Started GET "/users/sign_in" for ::1 at 2016-08-08 11:27:49 -0400
Processing by Devise::SessionsController#new as HTML
  Rendering devise/sessions/new.html.erb within layouts/application
  Rendered devise/shared/_links.html.erb (1.0ms)
  Rendered devise/sessions/new.html.erb within layouts/application (4.2ms)
Completed 200 OK in 67ms (Views: 65.6ms | ActiveRecord: 0.0ms)


Started GET "/users/sign_up" for ::1 at 2016-08-08 11:28:27 -0400
Processing by Devise::RegistrationsController#new as HTML
  Rendering devise/registrations/new.html.erb within layouts/application
  Rendered devise/shared/_links.html.erb (1.1ms)
  Rendered devise/registrations/new.html.erb within layouts/application (5.8ms)
Completed 200 OK in 80ms (Views: 79.3ms | ActiveRecord: 0.0ms)


Started POST "/users" for ::1 at 2016-08-08 11:28:55 -0400
Processing by Devise::RegistrationsController#create as HTML
  Parameters: {"utf8"=>"✓", "authenticity_token"=>"ZX20wMJ/yvhtizXKh2wDTenBMqbPIBVbQyixxQlTyLPGQ2BO/VOHl64x3MjwPUnexT/D8BaKEgo5jVtS0hyWWw==", "user"=>{"email"=>"planeteer3@me.com", "first_name"=>"p", "last_name"=>"p", "password"=>"[FILTERED]", "password_confirmation"=>"[FILTERED]", "usertype"=>"contributor"}, "commit"=>"Sign up"}
  [1m[35m (0.1ms)[0m  [1m[36mbegin transaction[0m
  [1m[36mUser Exists (0.1ms)[0m  [1m[34mSELECT  1 AS one FROM "users" WHERE "users"."email" = ? LIMIT ?[0m  [["email", "planeteer3@me.com"], ["LIMIT", 1]]
  [1m[35mSQL (0.2ms)[0m  [1m[32mINSERT INTO "users" ("email", "encrypted_password", "created_at", "updated_at", "first_name", "last_name", "usertype") VALUES (?, ?, ?, ?, ?, ?, ?)[0m  [["email", "planeteer3@me.com"], ["encrypted_password", "$2a$11$/7R/iDthf9ItLBXtnpUReuRqYNrdzpziZwYOtRNA4xjxzNqadBQxu"], ["created_at", 2016-08-08 15:28:55 UTC], ["updated_at", 2016-08-08 15:28:55 UTC], ["first_name", "p"], ["last_name", "p"], ["usertype", "contributor"]]
  [1m[35m (1.6ms)[0m  [1m[36mcommit transaction[0m
  [1m[35m (0.1ms)[0m  [1m[36mbegin transaction[0m
  [1m[35mSQL (0.3ms)[0m  [1m[33mUPDATE "users" SET "sign_in_count" = ?, "current_sign_in_at" = ?, "last_sign_in_at" = ?, "current_sign_in_ip" = ?, "last_sign_in_ip" = ?, "updated_at" = ? WHERE "users"."id" = ?[0m  [["sign_in_count", 1], ["current_sign_in_at", 2016-08-08 15:28:55 UTC], ["last_sign_in_at", 2016-08-08 15:28:55 UTC], ["current_sign_in_ip", "::1"], ["last_sign_in_ip", "::1"], ["updated_at", 2016-08-08 15:28:55 UTC], ["id", 3]]
  [1m[35m (0.8ms)[0m  [1m[36mcommit transaction[0m
Redirected to http://localhost:3000/
Completed 302 Found in 175ms (ActiveRecord: 3.2ms)


Started GET "/" for ::1 at 2016-08-08 11:28:55 -0400
Processing by TasksController#index as HTML
  [1m[36mUser Load (0.2ms)[0m  [1m[34mSELECT  "users".* FROM "users" WHERE "users"."id" = ? ORDER BY "users"."id" ASC LIMIT ?[0m  [["id", 3], ["LIMIT", 1]]
  Rendering tasks/index.html.erb within layouts/application
  [1m[36mTask Load (0.1ms)[0m  [1m[34mSELECT "tasks".* FROM "tasks"[0m
  [1m[36mUser Load (0.1ms)[0m  [1m[34mSELECT  "users".* FROM "users" WHERE "users"."id" = ? LIMIT ?[0m  [["id", 1], ["LIMIT", 1]]
  Rendered tasks/index.html.erb within layouts/application (5.0ms)
Completed 200 OK in 70ms (Views: 67.5ms | ActiveRecord: 0.3ms)


Started GET "/tasks/new" for ::1 at 2016-08-08 11:29:01 -0400
Processing by TasksController#new as HTML
  [1m[36mUser Load (0.2ms)[0m  [1m[34mSELECT  "users".* FROM "users" WHERE "users"."id" = ? ORDER BY "users"."id" ASC LIMIT ?[0m  [["id", 3], ["LIMIT", 1]]
  Rendering tasks/new.html.erb within layouts/application
  Rendered tasks/new.html.erb within layouts/application (5.0ms)
Completed 200 OK in 74ms (Views: 70.9ms | ActiveRecord: 0.2ms)


Started POST "/tasks" for ::1 at 2016-08-08 11:29:22 -0400
Processing by TasksController#create as HTML
  Parameters: {"utf8"=>"✓", "authenticity_token"=>"CmCkk7i4HPy4vmnWhPf7NytrSwhMTZydRoN1wdWC3JqpXnAdh5RRk3sEgNTzprGkB5W6XpXnm8w8Jp9WDs2Ccg==", "task"=>{"name"=>"task1", "location"=>"location1", "picture"=>#<ActionDispatch::Http::UploadedFile:0x007febe92d3048 @tempfile=#<Tempfile:/var/folders/nn/z7bbhyfj795dkp3596ys9jk40000gp/T/RackMultipart20160808-1252-nu7s0z.png>, @original_filename="Screen Shot 2016-07-13 at 19.51.43.png", @content_type="image/png", @headers="Content-Disposition: form-data; name=\"task[picture]\"; filename=\"Screen Shot 2016-07-13 at 19.51.43.png\"\r\nContent-Type: image/png\r\n">}, "commit"=>"Create Task"}
  [1m[36mUser Load (0.2ms)[0m  [1m[34mSELECT  "users".* FROM "users" WHERE "users"."id" = ? ORDER BY "users"."id" ASC LIMIT ?[0m  [["id", 3], ["LIMIT", 1]]
  [1m[35m (0.1ms)[0m  [1m[36mbegin transaction[0m
  [1m[35mSQL (0.3ms)[0m  [1m[32mINSERT INTO "tasks" ("name", "picture", "user_id", "created_at", "updated_at", "location") VALUES (?, ?, ?, ?, ?, ?)[0m  [["name", "task1"], ["picture", "Screen_Shot_2016-07-13_at_19.51.43.png"], ["user_id", 3], ["created_at", 2016-08-08 15:29:22 UTC], ["updated_at", 2016-08-08 15:29:22 UTC], ["location", "location1"]]
  [1m[35m (0.8ms)[0m  [1m[36mcommit transaction[0m
Redirected to http://localhost:3000/tasks/2
Completed 302 Found in 174ms (ActiveRecord: 1.4ms)


Started GET "/tasks/2" for ::1 at 2016-08-08 11:29:22 -0400
Processing by TasksController#show as HTML
  Parameters: {"id"=>"2"}
  [1m[36mUser Load (0.2ms)[0m  [1m[34mSELECT  "users".* FROM "users" WHERE "users"."id" = ? ORDER BY "users"."id" ASC LIMIT ?[0m  [["id", 3], ["LIMIT", 1]]
  [1m[36mTask Load (0.1ms)[0m  [1m[34mSELECT  "tasks".* FROM "tasks" WHERE "tasks"."id" = ? LIMIT ?[0m  [["id", 2], ["LIMIT", 1]]
  Rendering tasks/show.html.erb within layouts/application
  [1m[36mUser Load (0.1ms)[0m  [1m[34mSELECT  "users".* FROM "users" WHERE "users"."id" = ? LIMIT ?[0m  [["id", 3], ["LIMIT", 1]]
  Rendered tasks/show.html.erb within layouts/application (5.2ms)
Completed 200 OK in 77ms (Views: 73.1ms | ActiveRecord: 0.3ms)


Started GET "/" for ::1 at 2016-08-08 14:04:15 -0400
  [1m[36mActiveRecord::SchemaMigration Load (0.1ms)[0m  [1m[34mSELECT "schema_migrations".* FROM "schema_migrations"[0m
Processing by TasksController#index as HTML
  [1m[36mUser Load (0.3ms)[0m  [1m[34mSELECT  "users".* FROM "users" WHERE "users"."id" = ? ORDER BY "users"."id" ASC LIMIT ?[0m  [["id", 3], ["LIMIT", 1]]
  Rendering tasks/index.html.erb within layouts/application
  [1m[36mTask Load (0.2ms)[0m  [1m[34mSELECT "tasks".* FROM "tasks"[0m
  [1m[36mUser Load (0.2ms)[0m  [1m[34mSELECT  "users".* FROM "users" WHERE "users"."id" = ? LIMIT ?[0m  [["id", 1], ["LIMIT", 1]]
  [1m[36mUser Load (0.1ms)[0m  [1m[34mSELECT  "users".* FROM "users" WHERE "users"."id" = ? LIMIT ?[0m  [["id", 3], ["LIMIT", 1]]
  Rendered tasks/index.html.erb within layouts/application (60.5ms)
Completed 200 OK in 421ms (Views: 384.4ms | ActiveRecord: 1.6ms)


Started GET "/images/favicon.ico" for ::1 at 2016-08-08 14:04:16 -0400
  
ActionController::RoutingError (No route matches [GET] "/images/favicon.ico"):
  
actionpack (5.0.0) lib/action_dispatch/middleware/debug_exceptions.rb:53:in `call'
web-console (3.3.1) lib/web_console/middleware.rb:131:in `call_app'
web-console (3.3.1) lib/web_console/middleware.rb:28:in `block in call'
web-console (3.3.1) lib/web_console/middleware.rb:18:in `catch'
web-console (3.3.1) lib/web_console/middleware.rb:18:in `call'
actionpack (5.0.0) lib/action_dispatch/middleware/show_exceptions.rb:31:in `call'
railties (5.0.0) lib/rails/rack/logger.rb:36:in `call_app'
railties (5.0.0) lib/rails/rack/logger.rb:24:in `block in call'
activesupport (5.0.0) lib/active_support/tagged_logging.rb:70:in `block in tagged'
activesupport (5.0.0) lib/active_support/tagged_logging.rb:26:in `tagged'
activesupport (5.0.0) lib/active_support/tagged_logging.rb:70:in `tagged'
railties (5.0.0) lib/rails/rack/logger.rb:24:in `call'
sprockets-rails (3.1.1) lib/sprockets/rails/quiet_assets.rb:13:in `call'
actionpack (5.0.0) lib/action_dispatch/middleware/request_id.rb:24:in `call'
rack (2.0.1) lib/rack/method_override.rb:22:in `call'
rack (2.0.1) lib/rack/runtime.rb:22:in `call'
activesupport (5.0.0) lib/active_support/cache/strategy/local_cache_middleware.rb:28:in `call'
actionpack (5.0.0) lib/action_dispatch/middleware/executor.rb:12:in `call'
actionpack (5.0.0) lib/action_dispatch/middleware/static.rb:136:in `call'
rack (2.0.1) lib/rack/sendfile.rb:111:in `call'
railties (5.0.0) lib/rails/engine.rb:522:in `call'
puma (3.6.0) lib/puma/configuration.rb:225:in `call'
puma (3.6.0) lib/puma/server.rb:578:in `handle_request'
puma (3.6.0) lib/puma/server.rb:415:in `process_client'
puma (3.6.0) lib/puma/server.rb:275:in `block in run'
puma (3.6.0) lib/puma/thread_pool.rb:116:in `block in spawn_thread'
  Rendering /Users/nuribayram/.rvm/gems/ruby-2.3.1/gems/actionpack-5.0.0/lib/action_dispatch/middleware/templates/rescues/routing_error.html.erb within rescues/layout
  Rendering /Users/nuribayram/.rvm/gems/ruby-2.3.1/gems/actionpack-5.0.0/lib/action_dispatch/middleware/templates/rescues/_trace.html.erb
  Rendered /Users/nuribayram/.rvm/gems/ruby-2.3.1/gems/actionpack-5.0.0/lib/action_dispatch/middleware/templates/rescues/_trace.html.erb (1.9ms)
  Rendered collection of /Users/nuribayram/.rvm/gems/ruby-2.3.1/gems/actionpack-5.0.0/lib/action_dispatch/middleware/templates/routes/_route.html.erb [24 times] (16.4ms)
  Rendered /Users/nuribayram/.rvm/gems/ruby-2.3.1/gems/actionpack-5.0.0/lib/action_dispatch/middleware/templates/routes/_table.html.erb (9.5ms)
  Rendering /Users/nuribayram/.rvm/gems/ruby-2.3.1/gems/actionpack-5.0.0/lib/action_dispatch/middleware/templates/rescues/_request_and_response.html.erb
  Rendered /Users/nuribayram/.rvm/gems/ruby-2.3.1/gems/actionpack-5.0.0/lib/action_dispatch/middleware/templates/rescues/_request_and_response.html.erb (0.9ms)
  Rendered /Users/nuribayram/.rvm/gems/ruby-2.3.1/gems/actionpack-5.0.0/lib/action_dispatch/middleware/templates/rescues/routing_error.html.erb within rescues/layout (92.5ms)
Started DELETE "/users/sign_out" for ::1 at 2016-08-08 14:04:49 -0400
Processing by Devise::SessionsController#destroy as HTML
  Parameters: {"authenticity_token"=>"KvE7kgrI9RwozjKR6CNT3dYqR3naaqiK81bCC4MkoHiJz+8cNeS4c+t025OfchlO+tS2LwPAr9uJ8yicWGv+kA=="}
  [1m[36mUser Load (0.3ms)[0m  [1m[34mSELECT  "users".* FROM "users" WHERE "users"."id" = ? ORDER BY "users"."id" ASC LIMIT ?[0m  [["id", 3], ["LIMIT", 1]]
  [1m[35m (0.1ms)[0m  [1m[36mbegin transaction[0m
  [1m[35m (0.0ms)[0m  [1m[36mcommit transaction[0m
Redirected to http://localhost:4000/
Completed 302 Found in 7ms (ActiveRecord: 0.4ms)


Started GET "/" for ::1 at 2016-08-08 14:04:49 -0400
Processing by TasksController#index as HTML
Completed 401 Unauthorized in 3ms (ActiveRecord: 0.0ms)


Started GET "/users/sign_in" for ::1 at 2016-08-08 14:04:49 -0400
Processing by Devise::SessionsController#new as HTML
  Rendering devise/sessions/new.html.erb within layouts/application
  Rendered devise/shared/_links.html.erb (1.6ms)
  Rendered devise/sessions/new.html.erb within layouts/application (12.5ms)
Completed 200 OK in 65ms (Views: 63.6ms | ActiveRecord: 0.0ms)


Started POST "/users/sign_in" for ::1 at 2016-08-08 14:05:26 -0400
Processing by Devise::SessionsController#create as HTML
  Parameters: {"utf8"=>"✓", "authenticity_token"=>"9iQ2/xjwABy3CEGdfuykcXw96c3JhJPKyFiTrfmvazX9wDT9+yh505NBPRgpd+0yCO/J+0NWBgGPQaxYEbPgkg==", "user"=>{"email"=>"contributor@me.com", "password"=>"[FILTERED]", "remember_me"=>"0"}, "commit"=>"Sign in"}
  [1m[36mUser Load (0.2ms)[0m  [1m[34mSELECT  "users".* FROM "users" WHERE "users"."email" = ? ORDER BY "users"."id" ASC LIMIT ?[0m  [["email", "contributor@me.com"], ["LIMIT", 1]]
  [1m[35m (0.1ms)[0m  [1m[36mbegin transaction[0m
  [1m[35mSQL (0.4ms)[0m  [1m[33mUPDATE "users" SET "current_sign_in_at" = ?, "sign_in_count" = ?, "updated_at" = ? WHERE "users"."id" = ?[0m  [["current_sign_in_at", 2016-08-08 18:05:26 UTC], ["sign_in_count", 2], ["updated_at", 2016-08-08 18:05:26 UTC], ["id", 1]]
  [1m[35m (1.6ms)[0m  [1m[36mcommit transaction[0m
Redirected to http://localhost:4000/
Completed 302 Found in 172ms (ActiveRecord: 2.3ms)


Started GET "/" for ::1 at 2016-08-08 14:05:27 -0400
Processing by TasksController#index as HTML
  [1m[36mUser Load (0.2ms)[0m  [1m[34mSELECT  "users".* FROM "users" WHERE "users"."id" = ? ORDER BY "users"."id" ASC LIMIT ?[0m  [["id", 1], ["LIMIT", 1]]
  Rendering tasks/index.html.erb within layouts/application
  [1m[36mTask Load (0.1ms)[0m  [1m[34mSELECT "tasks".* FROM "tasks"[0m
  [1m[36mUser Load (0.1ms)[0m  [1m[34mSELECT  "users".* FROM "users" WHERE "users"."id" = ? LIMIT ?[0m  [["id", 1], ["LIMIT", 1]]
  [1m[36mUser Load (0.0ms)[0m  [1m[34mSELECT  "users".* FROM "users" WHERE "users"."id" = ? LIMIT ?[0m  [["id", 3], ["LIMIT", 1]]
  Rendered tasks/index.html.erb within layouts/application (5.1ms)
Completed 200 OK in 53ms (Views: 50.5ms | ActiveRecord: 0.4ms)


Started GET "/tasks/new" for ::1 at 2016-08-08 14:06:05 -0400
Processing by TasksController#new as HTML
  [1m[36mUser Load (0.2ms)[0m  [1m[34mSELECT  "users".* FROM "users" WHERE "users"."id" = ? ORDER BY "users"."id" ASC LIMIT ?[0m  [["id", 1], ["LIMIT", 1]]
  Rendering tasks/new.html.erb within layouts/application
  Rendered tasks/new.html.erb within layouts/application (4.2ms)
Completed 200 OK in 54ms (Views: 51.2ms | ActiveRecord: 0.2ms)


Started POST "/tasks" for ::1 at 2016-08-08 14:07:16 -0400
Processing by TasksController#create as HTML
  Parameters: {"utf8"=>"✓", "authenticity_token"=>"2eOPeHhvnKbrkX3DHRiqbEkRsIZd0NMjvpfZwXixkvK0nUeTlFOfXpGIaruvybGcI8KVXHxRkuFabus3LZ8bdQ==", "task"=>{"name"=>"task1", "location"=>"https://www.google.com/maps/@40.7079105,-74.0086772,17z", "picture"=>#<ActionDispatch::Http::UploadedFile:0x007fe3b16fd730 @tempfile=#<Tempfile:/var/folders/nn/z7bbhyfj795dkp3596ys9jk40000gp/T/RackMultipart20160808-2554-15t4yv7.png>, @original_filename="Screen Shot 2016-07-13 at 19.51.43.png", @content_type="image/png", @headers="Content-Disposition: form-data; name=\"task[picture]\"; filename=\"Screen Shot 2016-07-13 at 19.51.43.png\"\r\nContent-Type: image/png\r\n">}, "commit"=>"Create Task"}
  [1m[36mUser Load (0.2ms)[0m  [1m[34mSELECT  "users".* FROM "users" WHERE "users"."id" = ? ORDER BY "users"."id" ASC LIMIT ?[0m  [["id", 1], ["LIMIT", 1]]
  [1m[35m (0.1ms)[0m  [1m[36mbegin transaction[0m
  [1m[35mSQL (0.3ms)[0m  [1m[32mINSERT INTO "tasks" ("name", "picture", "user_id", "created_at", "updated_at", "location") VALUES (?, ?, ?, ?, ?, ?)[0m  [["name", "task1"], ["picture", "Screen_Shot_2016-07-13_at_19.51.43.png"], ["user_id", 1], ["created_at", 2016-08-08 18:07:16 UTC], ["updated_at", 2016-08-08 18:07:16 UTC], ["location", "https://www.google.com/maps/@40.7079105,-74.0086772,17z"]]
  [1m[35m (0.8ms)[0m  [1m[36mcommit transaction[0m
Redirected to http://localhost:4000/tasks/3
Completed 302 Found in 142ms (ActiveRecord: 1.4ms)


Started GET "/tasks/3" for ::1 at 2016-08-08 14:07:16 -0400
Processing by TasksController#show as HTML
  Parameters: {"id"=>"3"}
  [1m[36mUser Load (0.2ms)[0m  [1m[34mSELECT  "users".* FROM "users" WHERE "users"."id" = ? ORDER BY "users"."id" ASC LIMIT ?[0m  [["id", 1], ["LIMIT", 1]]
  [1m[36mTask Load (0.1ms)[0m  [1m[34mSELECT  "tasks".* FROM "tasks" WHERE "tasks"."id" = ? LIMIT ?[0m  [["id", 3], ["LIMIT", 1]]
  Rendering tasks/show.html.erb within layouts/application
  [1m[36mUser Load (0.1ms)[0m  [1m[34mSELECT  "users".* FROM "users" WHERE "users"."id" = ? LIMIT ?[0m  [["id", 1], ["LIMIT", 1]]
  Rendered tasks/show.html.erb within layouts/application (5.4ms)
Completed 200 OK in 62ms (Views: 58.6ms | ActiveRecord: 0.4ms)


Started GET "/tasks" for ::1 at 2016-08-08 14:07:50 -0400
Processing by TasksController#index as HTML
  [1m[36mUser Load (0.1ms)[0m  [1m[34mSELECT  "users".* FROM "users" WHERE "users"."id" = ? ORDER BY "users"."id" ASC LIMIT ?[0m  [["id", 1], ["LIMIT", 1]]
  Rendering tasks/index.html.erb within layouts/application
  [1m[36mTask Load (0.1ms)[0m  [1m[34mSELECT "tasks".* FROM "tasks"[0m
  [1m[36mUser Load (0.1ms)[0m  [1m[34mSELECT  "users".* FROM "users" WHERE "users"."id" = ? LIMIT ?[0m  [["id", 1], ["LIMIT", 1]]
  [1m[36mUser Load (0.0ms)[0m  [1m[34mSELECT  "users".* FROM "users" WHERE "users"."id" = ? LIMIT ?[0m  [["id", 3], ["LIMIT", 1]]
  [1m[36mCACHE (0.0ms)[0m  [1m[34mSELECT  "users".* FROM "users" WHERE "users"."id" = ? LIMIT ?[0m  [["id", 1], ["LIMIT", 1]]
  Rendered tasks/index.html.erb within layouts/application (6.7ms)
Completed 200 OK in 63ms (Views: 60.1ms | ActiveRecord: 0.4ms)


Started DELETE "/users/sign_out" for ::1 at 2016-08-08 14:08:30 -0400
Processing by Devise::SessionsController#destroy as HTML
  Parameters: {"authenticity_token"=>"WJaouqHO8TvpUB5wSRDc0McKnUuYdCYo541pZmITvfs16GBRTfLyw5NJCQj7wccgrdm4kbn1Z+oDdFuQNz00fA=="}
  [1m[36mUser Load (0.2ms)[0m  [1m[34mSELECT  "users".* FROM "users" WHERE "users"."id" = ? ORDER BY "users"."id" ASC LIMIT ?[0m  [["id", 1], ["LIMIT", 1]]
  [1m[35m (0.1ms)[0m  [1m[36mbegin transaction[0m
  [1m[35m (0.0ms)[0m  [1m[36mcommit transaction[0m
Redirected to http://localhost:4000/
Completed 302 Found in 4ms (ActiveRecord: 0.4ms)


Started GET "/" for ::1 at 2016-08-08 14:08:30 -0400
Processing by TasksController#index as HTML
Completed 401 Unauthorized in 0ms (ActiveRecord: 0.0ms)


Started GET "/users/sign_in" for ::1 at 2016-08-08 14:08:30 -0400
Processing by Devise::SessionsController#new as HTML
  Rendering devise/sessions/new.html.erb within layouts/application
  Rendered devise/shared/_links.html.erb (0.9ms)
  Rendered devise/sessions/new.html.erb within layouts/application (3.9ms)
Completed 200 OK in 56ms (Views: 55.3ms | ActiveRecord: 0.0ms)


Started POST "/users/sign_in" for ::1 at 2016-08-08 14:09:09 -0400
Processing by Devise::SessionsController#create as HTML
  Parameters: {"utf8"=>"✓", "authenticity_token"=>"EbBfatcUiNUGbaDp+EEChHHSjYqgsQXJYGqckxu7sN+kAOoTp1EWNNN1tlG4u0V7ZLUBpAL72kwX9/0FNlPFZQ==", "user"=>{"email"=>"planeteer@me.com", "password"=>"[FILTERED]", "remember_me"=>"0"}, "commit"=>"Sign in"}
  [1m[36mUser Load (0.2ms)[0m  [1m[34mSELECT  "users".* FROM "users" WHERE "users"."email" = ? ORDER BY "users"."id" ASC LIMIT ?[0m  [["email", "planeteer@me.com"], ["LIMIT", 1]]
  [1m[35m (0.1ms)[0m  [1m[36mbegin transaction[0m
  [1m[35mSQL (0.3ms)[0m  [1m[33mUPDATE "users" SET "current_sign_in_at" = ?, "last_sign_in_at" = ?, "sign_in_count" = ?, "updated_at" = ? WHERE "users"."id" = ?[0m  [["current_sign_in_at", 2016-08-08 18:09:09 UTC], ["last_sign_in_at", 2016-08-08 15:26:44 UTC], ["sign_in_count", 3], ["updated_at", 2016-08-08 18:09:09 UTC], ["id", 2]]
  [1m[35m (1.1ms)[0m  [1m[36mcommit transaction[0m
Redirected to http://localhost:4000/
Completed 302 Found in 176ms (ActiveRecord: 1.6ms)


Started GET "/" for ::1 at 2016-08-08 14:09:09 -0400
Processing by TasksController#index as HTML
  [1m[36mUser Load (0.2ms)[0m  [1m[34mSELECT  "users".* FROM "users" WHERE "users"."id" = ? ORDER BY "users"."id" ASC LIMIT ?[0m  [["id", 2], ["LIMIT", 1]]
  Rendering tasks/index.html.erb within layouts/application
  [1m[36mTask Load (0.1ms)[0m  [1m[34mSELECT "tasks".* FROM "tasks"[0m
  [1m[36mUser Load (0.1ms)[0m  [1m[34mSELECT  "users".* FROM "users" WHERE "users"."id" = ? LIMIT ?[0m  [["id", 1], ["LIMIT", 1]]
  [1m[36mUser Load (0.0ms)[0m  [1m[34mSELECT  "users".* FROM "users" WHERE "users"."id" = ? LIMIT ?[0m  [["id", 3], ["LIMIT", 1]]
  [1m[36mCACHE (0.0ms)[0m  [1m[34mSELECT  "users".* FROM "users" WHERE "users"."id" = ? LIMIT ?[0m  [["id", 1], ["LIMIT", 1]]
  Rendered tasks/index.html.erb within layouts/application (5.6ms)
Completed 200 OK in 68ms (Views: 65.6ms | ActiveRecord: 0.4ms)


Started GET "/tasks/3" for ::1 at 2016-08-08 14:09:20 -0400
Processing by TasksController#show as HTML
  Parameters: {"id"=>"3"}
  [1m[36mUser Load (0.1ms)[0m  [1m[34mSELECT  "users".* FROM "users" WHERE "users"."id" = ? ORDER BY "users"."id" ASC LIMIT ?[0m  [["id", 2], ["LIMIT", 1]]
  [1m[36mTask Load (0.0ms)[0m  [1m[34mSELECT  "tasks".* FROM "tasks" WHERE "tasks"."id" = ? LIMIT ?[0m  [["id", 3], ["LIMIT", 1]]
  Rendering tasks/show.html.erb within layouts/application
  [1m[36mUser Load (0.1ms)[0m  [1m[34mSELECT  "users".* FROM "users" WHERE "users"."id" = ? LIMIT ?[0m  [["id", 1], ["LIMIT", 1]]
  Rendered tasks/show.html.erb within layouts/application (3.6ms)
Completed 200 OK in 64ms (Views: 60.7ms | ActiveRecord: 0.3ms)


Started GET "/tasks" for ::1 at 2016-08-08 14:09:22 -0400
Processing by TasksController#index as HTML
  [1m[36mUser Load (0.1ms)[0m  [1m[34mSELECT  "users".* FROM "users" WHERE "users"."id" = ? ORDER BY "users"."id" ASC LIMIT ?[0m  [["id", 2], ["LIMIT", 1]]
  Rendering tasks/index.html.erb within layouts/application
  [1m[36mTask Load (0.2ms)[0m  [1m[34mSELECT "tasks".* FROM "tasks"[0m
  [1m[36mUser Load (0.1ms)[0m  [1m[34mSELECT  "users".* FROM "users" WHERE "users"."id" = ? LIMIT ?[0m  [["id", 1], ["LIMIT", 1]]
  [1m[36mUser Load (0.1ms)[0m  [1m[34mSELECT  "users".* FROM "users" WHERE "users"."id" = ? LIMIT ?[0m  [["id", 3], ["LIMIT", 1]]
  [1m[36mCACHE (0.0ms)[0m  [1m[34mSELECT  "users".* FROM "users" WHERE "users"."id" = ? LIMIT ?[0m  [["id", 1], ["LIMIT", 1]]
  Rendered tasks/index.html.erb within layouts/application (9.4ms)
Completed 200 OK in 77ms (Views: 74.0ms | ActiveRecord: 0.5ms)


Started GET "/tasks/3/edit" for ::1 at 2016-08-08 14:09:29 -0400
Processing by TasksController#edit as HTML
  Parameters: {"id"=>"3"}
  [1m[36mUser Load (0.1ms)[0m  [1m[34mSELECT  "users".* FROM "users" WHERE "users"."id" = ? ORDER BY "users"."id" ASC LIMIT ?[0m  [["id", 2], ["LIMIT", 1]]
  [1m[36mTask Load (0.0ms)[0m  [1m[34mSELECT  "tasks".* FROM "tasks" WHERE "tasks"."id" = ? LIMIT ?[0m  [["id", 3], ["LIMIT", 1]]
  [1m[36mUser Load (0.0ms)[0m  [1m[34mSELECT  "users".* FROM "users" WHERE "users"."id" = ? LIMIT ?[0m  [["id", 1], ["LIMIT", 1]]
  Rendering tasks/edit.html.erb within layouts/application
  Rendered tasks/_form.html.erb (5.6ms)
  Rendered tasks/edit.html.erb within layouts/application (7.6ms)
Completed 200 OK in 70ms (Views: 66.7ms | ActiveRecord: 0.2ms)


Started PATCH "/tasks/3" for ::1 at 2016-08-08 14:10:26 -0400
Processing by TasksController#update as HTML
  Parameters: {"utf8"=>"✓", "authenticity_token"=>"Ry3SmT/bfLj5BlgjCTC6BwXnBOptkWs1aq9rKvYYG6XjdFpTzDDtjtNCXrmHNjUHreLUGeuW3HLuMIRlnhuU/w==", "task"=>{"taken_by"=>"2", "status"=>"true"}, "commit"=>"Update Task", "id"=>"3"}
  [1m[36mUser Load (0.1ms)[0m  [1m[34mSELECT  "users".* FROM "users" WHERE "users"."id" = ? ORDER BY "users"."id" ASC LIMIT ?[0m  [["id", 2], ["LIMIT", 1]]
  [1m[36mTask Load (0.1ms)[0m  [1m[34mSELECT  "tasks".* FROM "tasks" WHERE "tasks"."id" = ? LIMIT ?[0m  [["id", 3], ["LIMIT", 1]]
  [1m[35m (0.0ms)[0m  [1m[36mbegin transaction[0m
  [1m[36mUser Load (0.0ms)[0m  [1m[34mSELECT  "users".* FROM "users" WHERE "users"."id" = ? LIMIT ?[0m  [["id", 1], ["LIMIT", 1]]
  [1m[35mSQL (0.9ms)[0m  [1m[33mUPDATE "tasks" SET "status" = ?, "taken_by" = ?, "updated_at" = ? WHERE "tasks"."id" = ?[0m  [["status", true], ["taken_by", 2], ["updated_at", 2016-08-08 18:10:26 UTC], ["id", 3]]
  [1m[35m (1.2ms)[0m  [1m[36mcommit transaction[0m
Redirected to http://localhost:4000/tasks/3
Completed 302 Found in 8ms (ActiveRecord: 2.4ms)


Started GET "/tasks/3" for ::1 at 2016-08-08 14:10:26 -0400
Processing by TasksController#show as HTML
  Parameters: {"id"=>"3"}
  [1m[36mUser Load (0.1ms)[0m  [1m[34mSELECT  "users".* FROM "users" WHERE "users"."id" = ? ORDER BY "users"."id" ASC LIMIT ?[0m  [["id", 2], ["LIMIT", 1]]
  [1m[36mTask Load (0.1ms)[0m  [1m[34mSELECT  "tasks".* FROM "tasks" WHERE "tasks"."id" = ? LIMIT ?[0m  [["id", 3], ["LIMIT", 1]]
  Rendering tasks/show.html.erb within layouts/application
  [1m[36mUser Load (0.1ms)[0m  [1m[34mSELECT  "users".* FROM "users" WHERE "users"."id" = ? LIMIT ?[0m  [["id", 1], ["LIMIT", 1]]
  Rendered tasks/show.html.erb within layouts/application (5.1ms)
Completed 200 OK in 62ms (Views: 59.1ms | ActiveRecord: 0.3ms)


Started GET "/tasks/3/edit" for ::1 at 2016-08-08 14:11:06 -0400
Processing by TasksController#edit as HTML
  Parameters: {"id"=>"3"}
  [1m[36mUser Load (0.3ms)[0m  [1m[34mSELECT  "users".* FROM "users" WHERE "users"."id" = ? ORDER BY "users"."id" ASC LIMIT ?[0m  [["id", 2], ["LIMIT", 1]]
  [1m[36mTask Load (0.1ms)[0m  [1m[34mSELECT  "tasks".* FROM "tasks" WHERE "tasks"."id" = ? LIMIT ?[0m  [["id", 3], ["LIMIT", 1]]
  [1m[36mUser Load (0.3ms)[0m  [1m[34mSELECT  "users".* FROM "users" WHERE "users"."id" = ? LIMIT ?[0m  [["id", 1], ["LIMIT", 1]]
  Rendering tasks/edit.html.erb within layouts/application
  Rendered tasks/_form.html.erb (2.0ms)
  Rendered tasks/edit.html.erb within layouts/application (3.9ms)
Completed 200 OK in 62ms (Views: 57.1ms | ActiveRecord: 0.6ms)


Started PATCH "/tasks/3" for ::1 at 2016-08-08 14:11:12 -0400
Processing by TasksController#update as HTML
  Parameters: {"utf8"=>"✓", "authenticity_token"=>"ReU0qgHHG73bz+mdkvM82lxlv7v6jxXBZsTzg1eyxIThvLxg8iyKi/GL7wcc9bPa9GBvSHyIoobiWxzMP7FL3g==", "task"=>{"done"=>"true"}, "commit"=>"Update Task", "id"=>"3"}
  [1m[36mUser Load (0.1ms)[0m  [1m[34mSELECT  "users".* FROM "users" WHERE "users"."id" = ? ORDER BY "users"."id" ASC LIMIT ?[0m  [["id", 2], ["LIMIT", 1]]
  [1m[36mTask Load (0.1ms)[0m  [1m[34mSELECT  "tasks".* FROM "tasks" WHERE "tasks"."id" = ? LIMIT ?[0m  [["id", 3], ["LIMIT", 1]]
  [1m[35m (0.0ms)[0m  [1m[36mbegin transaction[0m
  [1m[36mUser Load (0.1ms)[0m  [1m[34mSELECT  "users".* FROM "users" WHERE "users"."id" = ? LIMIT ?[0m  [["id", 1], ["LIMIT", 1]]
  [1m[35mSQL (0.2ms)[0m  [1m[33mUPDATE "tasks" SET "done" = ?, "updated_at" = ? WHERE "tasks"."id" = ?[0m  [["done", true], ["updated_at", 2016-08-08 18:11:12 UTC], ["id", 3]]
  [1m[35m (1.1ms)[0m  [1m[36mcommit transaction[0m
Redirected to http://localhost:4000/tasks/3
Completed 302 Found in 7ms (ActiveRecord: 1.6ms)


Started GET "/tasks/3" for ::1 at 2016-08-08 14:11:12 -0400
Processing by TasksController#show as HTML
  Parameters: {"id"=>"3"}
  [1m[36mUser Load (0.2ms)[0m  [1m[34mSELECT  "users".* FROM "users" WHERE "users"."id" = ? ORDER BY "users"."id" ASC LIMIT ?[0m  [["id", 2], ["LIMIT", 1]]
  [1m[36mTask Load (0.1ms)[0m  [1m[34mSELECT  "tasks".* FROM "tasks" WHERE "tasks"."id" = ? LIMIT ?[0m  [["id", 3], ["LIMIT", 1]]
  Rendering tasks/show.html.erb within layouts/application
  [1m[36mUser Load (0.1ms)[0m  [1m[34mSELECT  "users".* FROM "users" WHERE "users"."id" = ? LIMIT ?[0m  [["id", 1], ["LIMIT", 1]]
  Rendered tasks/show.html.erb within layouts/application (2.8ms)
Completed 200 OK in 49ms (Views: 46.7ms | ActiveRecord: 0.3ms)


Started GET "/tasks" for ::1 at 2016-08-08 14:11:19 -0400
Processing by TasksController#index as HTML
  [1m[36mUser Load (0.1ms)[0m  [1m[34mSELECT  "users".* FROM "users" WHERE "users"."id" = ? ORDER BY "users"."id" ASC LIMIT ?[0m  [["id", 2], ["LIMIT", 1]]
  Rendering tasks/index.html.erb within layouts/application
  [1m[36mTask Load (0.1ms)[0m  [1m[34mSELECT "tasks".* FROM "tasks"[0m
  [1m[36mUser Load (0.1ms)[0m  [1m[34mSELECT  "users".* FROM "users" WHERE "users"."id" = ? LIMIT ?[0m  [["id", 1], ["LIMIT", 1]]
  [1m[36mUser Load (0.1ms)[0m  [1m[34mSELECT  "users".* FROM "users" WHERE "users"."id" = ? LIMIT ?[0m  [["id", 3], ["LIMIT", 1]]
  [1m[36mCACHE (0.0ms)[0m  [1m[34mSELECT  "users".* FROM "users" WHERE "users"."id" = ? LIMIT ?[0m  [["id", 1], ["LIMIT", 1]]
  Rendered tasks/index.html.erb within layouts/application (6.4ms)
Completed 200 OK in 53ms (Views: 50.3ms | ActiveRecord: 0.4ms)


Started DELETE "/users/sign_out" for ::1 at 2016-08-08 15:00:49 -0400
Processing by Devise::SessionsController#destroy as HTML
  Parameters: {"authenticity_token"=>"Ig47dRQRvADROb/aIbuD1BMR4tQAG7JUeaX3F9zAjJKGV7O/5/otNvt9uUCvvQzUuxQyJ4YcBRP9OhhYtMMDyA=="}
  [1m[36mUser Load (2.4ms)[0m  [1m[34mSELECT  "users".* FROM "users" WHERE "users"."id" = ? ORDER BY "users"."id" ASC LIMIT ?[0m  [["id", 2], ["LIMIT", 1]]
  [1m[35m (0.2ms)[0m  [1m[36mbegin transaction[0m
  [1m[35m (0.1ms)[0m  [1m[36mcommit transaction[0m
Redirected to http://localhost:4000/
Completed 302 Found in 50ms (ActiveRecord: 2.7ms)


Started GET "/" for ::1 at 2016-08-08 15:00:50 -0400
Processing by TasksController#index as HTML
Completed 401 Unauthorized in 1ms (ActiveRecord: 0.0ms)


Started GET "/users/sign_in" for ::1 at 2016-08-08 15:00:50 -0400
Processing by Devise::SessionsController#new as HTML
  Rendering devise/sessions/new.html.erb within layouts/application
  Rendered devise/shared/_links.html.erb (2.6ms)
  Rendered devise/sessions/new.html.erb within layouts/application (19.2ms)
Completed 200 OK in 152ms (Views: 149.1ms | ActiveRecord: 0.0ms)


Started POST "/users/sign_in" for ::1 at 2016-08-08 15:52:16 -0400
Processing by Devise::SessionsController#create as HTML
  Parameters: {"utf8"=>"✓", "authenticity_token"=>"1EkX07sxAxiGOXfd/GLpoCslqe4aRFmaRBDwyZ5ObD3ZYCo683niAqHi1EH3f0soG27ocW51KCQmBwoulMY/8w==", "user"=>{"email"=>"contributor@me.com", "password"=>"[FILTERED]", "remember_me"=>"0"}, "commit"=>"Sign in"}
  [1m[36mUser Load (0.2ms)[0m  [1m[34mSELECT  "users".* FROM "users" WHERE "users"."email" = ? ORDER BY "users"."id" ASC LIMIT ?[0m  [["email", "contributor@me.com"], ["LIMIT", 1]]
  [1m[35m (0.1ms)[0m  [1m[36mbegin transaction[0m
  [1m[35mSQL (1.5ms)[0m  [1m[33mUPDATE "users" SET "current_sign_in_at" = ?, "last_sign_in_at" = ?, "sign_in_count" = ?, "updated_at" = ? WHERE "users"."id" = ?[0m  [["current_sign_in_at", 2016-08-08 19:52:16 UTC], ["last_sign_in_at", 2016-08-08 18:05:26 UTC], ["sign_in_count", 3], ["updated_at", 2016-08-08 19:52:16 UTC], ["id", 1]]
  [1m[35m (0.9ms)[0m  [1m[36mcommit transaction[0m
Redirected to http://localhost:4000/
Completed 302 Found in 164ms (ActiveRecord: 2.7ms)


Started GET "/" for ::1 at 2016-08-08 15:52:16 -0400
Processing by TasksController#index as HTML
  [1m[36mUser Load (0.2ms)[0m  [1m[34mSELECT  "users".* FROM "users" WHERE "users"."id" = ? ORDER BY "users"."id" ASC LIMIT ?[0m  [["id", 1], ["LIMIT", 1]]
  Rendering tasks/index.html.erb within layouts/application
  [1m[36mTask Load (0.1ms)[0m  [1m[34mSELECT "tasks".* FROM "tasks"[0m
  [1m[36mUser Load (0.1ms)[0m  [1m[34mSELECT  "users".* FROM "users" WHERE "users"."id" = ? LIMIT ?[0m  [["id", 1], ["LIMIT", 1]]
  [1m[36mUser Load (0.0ms)[0m  [1m[34mSELECT  "users".* FROM "users" WHERE "users"."id" = ? LIMIT ?[0m  [["id", 3], ["LIMIT", 1]]
  [1m[36mCACHE (0.0ms)[0m  [1m[34mSELECT  "users".* FROM "users" WHERE "users"."id" = ? LIMIT ?[0m  [["id", 1], ["LIMIT", 1]]
  Rendered tasks/index.html.erb within layouts/application (8.6ms)
Completed 200 OK in 91ms (Views: 88.7ms | ActiveRecord: 0.5ms)


Started GET "/tasks/new" for ::1 at 2016-08-08 15:52:22 -0400
Processing by TasksController#new as HTML
  [1m[36mUser Load (0.1ms)[0m  [1m[34mSELECT  "users".* FROM "users" WHERE "users"."id" = ? ORDER BY "users"."id" ASC LIMIT ?[0m  [["id", 1], ["LIMIT", 1]]
  Rendering tasks/new.html.erb within layouts/application
  Rendered tasks/new.html.erb within layouts/application (5.2ms)
Completed 200 OK in 86ms (Views: 82.7ms | ActiveRecord: 0.1ms)


Started POST "/tasks" for ::1 at 2016-08-08 15:52:50 -0400
Processing by TasksController#create as HTML
  Parameters: {"utf8"=>"✓", "authenticity_token"=>"t69TXh8woEPQ1Xfwql4M/OAyBFqAcZA/KjFvk1w8v2ckWxHi4WiyJGrTXUt61AJ/pBv7oYMqekSXp21RgIc0sA==", "task"=>{"name"=>"Task5", "location"=>"https://www.google.com/maps/@40.7079105,-74.0086772,17z", "picture"=>#<ActionDispatch::Http::UploadedFile:0x007fe3b2d5e998 @tempfile=#<Tempfile:/var/folders/nn/z7bbhyfj795dkp3596ys9jk40000gp/T/RackMultipart20160808-2554-1y91vfq.png>, @original_filename="Screen Shot 2016-07-13 at 19.51.43.png", @content_type="image/png", @headers="Content-Disposition: form-data; name=\"task[picture]\"; filename=\"Screen Shot 2016-07-13 at 19.51.43.png\"\r\nContent-Type: image/png\r\n">}, "commit"=>"Create Task"}
  [1m[36mUser Load (0.2ms)[0m  [1m[34mSELECT  "users".* FROM "users" WHERE "users"."id" = ? ORDER BY "users"."id" ASC LIMIT ?[0m  [["id", 1], ["LIMIT", 1]]
  [1m[35m (0.1ms)[0m  [1m[36mbegin transaction[0m
  [1m[35mSQL (0.3ms)[0m  [1m[32mINSERT INTO "tasks" ("name", "picture", "user_id", "created_at", "updated_at", "location") VALUES (?, ?, ?, ?, ?, ?)[0m  [["name", "Task5"], ["picture", "Screen_Shot_2016-07-13_at_19.51.43.png"], ["user_id", 1], ["created_at", 2016-08-08 19:52:50 UTC], ["updated_at", 2016-08-08 19:52:50 UTC], ["location", "https://www.google.com/maps/@40.7079105,-74.0086772,17z"]]
  [1m[35m (0.8ms)[0m  [1m[36mcommit transaction[0m
Redirected to http://localhost:4000/tasks/4
Completed 302 Found in 148ms (ActiveRecord: 1.4ms)


Started GET "/tasks/4" for ::1 at 2016-08-08 15:52:50 -0400
Processing by TasksController#show as HTML
  Parameters: {"id"=>"4"}
  [1m[36mUser Load (0.2ms)[0m  [1m[34mSELECT  "users".* FROM "users" WHERE "users"."id" = ? ORDER BY "users"."id" ASC LIMIT ?[0m  [["id", 1], ["LIMIT", 1]]
  [1m[36mTask Load (0.1ms)[0m  [1m[34mSELECT  "tasks".* FROM "tasks" WHERE "tasks"."id" = ? LIMIT ?[0m  [["id", 4], ["LIMIT", 1]]
  Rendering tasks/show.html.erb within layouts/application
  [1m[36mUser Load (0.1ms)[0m  [1m[34mSELECT  "users".* FROM "users" WHERE "users"."id" = ? LIMIT ?[0m  [["id", 1], ["LIMIT", 1]]
  Rendered tasks/show.html.erb within layouts/application (6.2ms)
Completed 200 OK in 92ms (Views: 87.8ms | ActiveRecord: 0.4ms)


Started GET "/tasks" for ::1 at 2016-08-08 15:53:05 -0400
Processing by TasksController#index as HTML
  [1m[36mUser Load (0.1ms)[0m  [1m[34mSELECT  "users".* FROM "users" WHERE "users"."id" = ? ORDER BY "users"."id" ASC LIMIT ?[0m  [["id", 1], ["LIMIT", 1]]
  Rendering tasks/index.html.erb within layouts/application
  [1m[36mTask Load (0.7ms)[0m  [1m[34mSELECT "tasks".* FROM "tasks"[0m
  [1m[36mUser Load (0.1ms)[0m  [1m[34mSELECT  "users".* FROM "users" WHERE "users"."id" = ? LIMIT ?[0m  [["id", 1], ["LIMIT", 1]]
  [1m[36mUser Load (0.1ms)[0m  [1m[34mSELECT  "users".* FROM "users" WHERE "users"."id" = ? LIMIT ?[0m  [["id", 3], ["LIMIT", 1]]
  [1m[36mCACHE (0.0ms)[0m  [1m[34mSELECT  "users".* FROM "users" WHERE "users"."id" = ? LIMIT ?[0m  [["id", 1], ["LIMIT", 1]]
  [1m[36mCACHE (0.0ms)[0m  [1m[34mSELECT  "users".* FROM "users" WHERE "users"."id" = ? LIMIT ?[0m  [["id", 1], ["LIMIT", 1]]
  Rendered tasks/index.html.erb within layouts/application (11.2ms)
Completed 200 OK in 69ms (Views: 65.6ms | ActiveRecord: 1.0ms)


Started DELETE "/users/sign_out" for ::1 at 2016-08-08 15:53:09 -0400
Processing by Devise::SessionsController#destroy as HTML
  Parameters: {"authenticity_token"=>"e+WUJxA5qegPXF7hfk38lJbGKfquyl64atIuSsa99bXoEdab7mG7j7VadFqux/IX0u/WAa2RtMPXRCyIGgZ+Yg=="}
  [1m[36mUser Load (0.1ms)[0m  [1m[34mSELECT  "users".* FROM "users" WHERE "users"."id" = ? ORDER BY "users"."id" ASC LIMIT ?[0m  [["id", 1], ["LIMIT", 1]]
  [1m[35m (0.1ms)[0m  [1m[36mbegin transaction[0m
  [1m[35m (0.1ms)[0m  [1m[36mcommit transaction[0m
Redirected to http://localhost:4000/
Completed 302 Found in 4ms (ActiveRecord: 0.3ms)


Started GET "/" for ::1 at 2016-08-08 15:53:09 -0400
Processing by TasksController#index as HTML
Completed 401 Unauthorized in 0ms (ActiveRecord: 0.0ms)


Started GET "/users/sign_in" for ::1 at 2016-08-08 15:53:09 -0400
Processing by Devise::SessionsController#new as HTML
  Rendering devise/sessions/new.html.erb within layouts/application
  Rendered devise/shared/_links.html.erb (1.1ms)
  Rendered devise/sessions/new.html.erb within layouts/application (4.4ms)
Completed 200 OK in 66ms (Views: 65.4ms | ActiveRecord: 0.0ms)


Started POST "/users/sign_in" for ::1 at 2016-08-08 15:53:12 -0400
Processing by Devise::SessionsController#create as HTML
  Parameters: {"utf8"=>"✓", "authenticity_token"=>"a4fjyKTc7+rKTFpzPRfDqHlUAjK0wCa1ySIWuBusH1YXlcyd3MR0M+LVaHSIpFKJvbGmPVqD7PrbOVBYn2Y6KQ==", "user"=>{"email"=>"planeteer@me.com", "password"=>"[FILTERED]", "remember_me"=>"0"}, "commit"=>"Sign in"}
Completed 401 Unauthorized in 1ms (ActiveRecord: 0.0ms)


Processing by Devise::SessionsController#new as HTML
  Parameters: {"utf8"=>"✓", "authenticity_token"=>"a4fjyKTc7+rKTFpzPRfDqHlUAjK0wCa1ySIWuBusH1YXlcyd3MR0M+LVaHSIpFKJvbGmPVqD7PrbOVBYn2Y6KQ==", "user"=>{"email"=>"planeteer@me.com", "password"=>"[FILTERED]", "remember_me"=>"0"}, "commit"=>"Sign in"}
  Rendering devise/sessions/new.html.erb within layouts/application
  Rendered devise/shared/_links.html.erb (0.8ms)
  Rendered devise/sessions/new.html.erb within layouts/application (4.3ms)
Completed 200 OK in 52ms (Views: 50.9ms | ActiveRecord: 0.0ms)


Started POST "/users/sign_in" for ::1 at 2016-08-08 15:53:18 -0400
Processing by Devise::SessionsController#create as HTML
  Parameters: {"utf8"=>"✓", "authenticity_token"=>"tRmCZSCts4qDG0Nlk+KKxyNK63hurz0tFL6Z7C7/um3JC60wWLUoU6uCcWImURvm569Pd4Ds92IGpd8MqjWfEg==", "user"=>{"email"=>"planeteer@me.com", "password"=>"[FILTERED]", "remember_me"=>"0"}, "commit"=>"Sign in"}
  [1m[36mUser Load (0.2ms)[0m  [1m[34mSELECT  "users".* FROM "users" WHERE "users"."email" = ? ORDER BY "users"."id" ASC LIMIT ?[0m  [["email", "planeteer@me.com"], ["LIMIT", 1]]
  [1m[35m (0.1ms)[0m  [1m[36mbegin transaction[0m
  [1m[35mSQL (0.3ms)[0m  [1m[33mUPDATE "users" SET "current_sign_in_at" = ?, "last_sign_in_at" = ?, "sign_in_count" = ?, "updated_at" = ? WHERE "users"."id" = ?[0m  [["current_sign_in_at", 2016-08-08 19:53:18 UTC], ["last_sign_in_at", 2016-08-08 18:09:09 UTC], ["sign_in_count", 4], ["updated_at", 2016-08-08 19:53:18 UTC], ["id", 2]]
  [1m[35m (1.4ms)[0m  [1m[36mcommit transaction[0m
Redirected to http://localhost:4000/
Completed 302 Found in 170ms (ActiveRecord: 1.9ms)


Started GET "/" for ::1 at 2016-08-08 15:53:18 -0400
Processing by TasksController#index as HTML
  [1m[36mUser Load (0.2ms)[0m  [1m[34mSELECT  "users".* FROM "users" WHERE "users"."id" = ? ORDER BY "users"."id" ASC LIMIT ?[0m  [["id", 2], ["LIMIT", 1]]
  Rendering tasks/index.html.erb within layouts/application
  [1m[36mTask Load (0.1ms)[0m  [1m[34mSELECT "tasks".* FROM "tasks"[0m
  [1m[36mUser Load (0.1ms)[0m  [1m[34mSELECT  "users".* FROM "users" WHERE "users"."id" = ? LIMIT ?[0m  [["id", 1], ["LIMIT", 1]]
  [1m[36mUser Load (0.1ms)[0m  [1m[34mSELECT  "users".* FROM "users" WHERE "users"."id" = ? LIMIT ?[0m  [["id", 3], ["LIMIT", 1]]
  [1m[36mCACHE (0.0ms)[0m  [1m[34mSELECT  "users".* FROM "users" WHERE "users"."id" = ? LIMIT ?[0m  [["id", 1], ["LIMIT", 1]]
  [1m[36mCACHE (0.0ms)[0m  [1m[34mSELECT  "users".* FROM "users" WHERE "users"."id" = ? LIMIT ?[0m  [["id", 1], ["LIMIT", 1]]
  Rendered tasks/index.html.erb within layouts/application (7.8ms)
Completed 200 OK in 52ms (Views: 48.9ms | ActiveRecord: 0.5ms)


Started GET "/tasks/4/edit" for ::1 at 2016-08-08 15:53:24 -0400
Processing by TasksController#edit as HTML
  Parameters: {"id"=>"4"}
  [1m[36mUser Load (0.2ms)[0m  [1m[34mSELECT  "users".* FROM "users" WHERE "users"."id" = ? ORDER BY "users"."id" ASC LIMIT ?[0m  [["id", 2], ["LIMIT", 1]]
  [1m[36mTask Load (0.1ms)[0m  [1m[34mSELECT  "tasks".* FROM "tasks" WHERE "tasks"."id" = ? LIMIT ?[0m  [["id", 4], ["LIMIT", 1]]
  [1m[36mUser Load (0.0ms)[0m  [1m[34mSELECT  "users".* FROM "users" WHERE "users"."id" = ? LIMIT ?[0m  [["id", 1], ["LIMIT", 1]]
  Rendering tasks/edit.html.erb within layouts/application
  Rendered tasks/_form.html.erb (3.2ms)
  Rendered tasks/edit.html.erb within layouts/application (5.3ms)
Completed 200 OK in 58ms (Views: 54.6ms | ActiveRecord: 0.2ms)


Started PATCH "/tasks/4" for ::1 at 2016-08-08 15:53:40 -0400
Processing by TasksController#update as HTML
  Parameters: {"utf8"=>"✓", "authenticity_token"=>"Kh/sV/mFAutd8I05sMvkilwW7x2TGFSryM3qeYys5vlM4qpqTDL9JpSk5ImZ1fbSON9wNM++T8MdAVMiPLXBlA==", "task"=>{"taken_by"=>"2", "status"=>"true"}, "commit"=>"Update Task", "id"=>"4"}
  [1m[36mUser Load (0.1ms)[0m  [1m[34mSELECT  "users".* FROM "users" WHERE "users"."id" = ? ORDER BY "users"."id" ASC LIMIT ?[0m  [["id", 2], ["LIMIT", 1]]
  [1m[36mTask Load (0.1ms)[0m  [1m[34mSELECT  "tasks".* FROM "tasks" WHERE "tasks"."id" = ? LIMIT ?[0m  [["id", 4], ["LIMIT", 1]]
  [1m[35m (0.0ms)[0m  [1m[36mbegin transaction[0m
  [1m[36mUser Load (0.0ms)[0m  [1m[34mSELECT  "users".* FROM "users" WHERE "users"."id" = ? LIMIT ?[0m  [["id", 1], ["LIMIT", 1]]
  [1m[35mSQL (0.2ms)[0m  [1m[33mUPDATE "tasks" SET "status" = ?, "taken_by" = ?, "updated_at" = ? WHERE "tasks"."id" = ?[0m  [["status", true], ["taken_by", 2], ["updated_at", 2016-08-08 19:53:40 UTC], ["id", 4]]
  [1m[35m (1.0ms)[0m  [1m[36mcommit transaction[0m
Redirected to http://localhost:4000/tasks/4
Completed 302 Found in 7ms (ActiveRecord: 1.5ms)


Started GET "/tasks/4" for ::1 at 2016-08-08 15:53:40 -0400
Processing by TasksController#show as HTML
  Parameters: {"id"=>"4"}
  [1m[36mUser Load (0.2ms)[0m  [1m[34mSELECT  "users".* FROM "users" WHERE "users"."id" = ? ORDER BY "users"."id" ASC LIMIT ?[0m  [["id", 2], ["LIMIT", 1]]
  [1m[36mTask Load (0.1ms)[0m  [1m[34mSELECT  "tasks".* FROM "tasks" WHERE "tasks"."id" = ? LIMIT ?[0m  [["id", 4], ["LIMIT", 1]]
  Rendering tasks/show.html.erb within layouts/application
  [1m[36mUser Load (0.1ms)[0m  [1m[34mSELECT  "users".* FROM "users" WHERE "users"."id" = ? LIMIT ?[0m  [["id", 1], ["LIMIT", 1]]
  Rendered tasks/show.html.erb within layouts/application (15.3ms)
Completed 200 OK in 78ms (Views: 74.7ms | ActiveRecord: 0.3ms)


Started GET "/tasks/4/edit" for ::1 at 2016-08-08 15:53:56 -0400
Processing by TasksController#edit as HTML
  Parameters: {"id"=>"4"}
  [1m[36mUser Load (0.1ms)[0m  [1m[34mSELECT  "users".* FROM "users" WHERE "users"."id" = ? ORDER BY "users"."id" ASC LIMIT ?[0m  [["id", 2], ["LIMIT", 1]]
  [1m[36mTask Load (0.1ms)[0m  [1m[34mSELECT  "tasks".* FROM "tasks" WHERE "tasks"."id" = ? LIMIT ?[0m  [["id", 4], ["LIMIT", 1]]
  [1m[36mUser Load (0.0ms)[0m  [1m[34mSELECT  "users".* FROM "users" WHERE "users"."id" = ? LIMIT ?[0m  [["id", 1], ["LIMIT", 1]]
  Rendering tasks/edit.html.erb within layouts/application
  Rendered tasks/_form.html.erb (2.1ms)
  Rendered tasks/edit.html.erb within layouts/application (4.6ms)
Completed 200 OK in 64ms (Views: 61.2ms | ActiveRecord: 0.2ms)


Started PATCH "/tasks/4" for ::1 at 2016-08-08 15:54:00 -0400
Processing by TasksController#update as HTML
  Parameters: {"utf8"=>"✓", "authenticity_token"=>"5sl62T8faScZ5dHmTllW0sfQFA0DHNdulnA1JtkiKKWANDzkiqiW6tCxuFZnR0SKoxmLJF+6zAZDvIx9aTsPyA==", "task"=>{"done"=>"true"}, "commit"=>"Update Task", "id"=>"4"}
  [1m[36mUser Load (0.2ms)[0m  [1m[34mSELECT  "users".* FROM "users" WHERE "users"."id" = ? ORDER BY "users"."id" ASC LIMIT ?[0m  [["id", 2], ["LIMIT", 1]]
  [1m[36mTask Load (0.1ms)[0m  [1m[34mSELECT  "tasks".* FROM "tasks" WHERE "tasks"."id" = ? LIMIT ?[0m  [["id", 4], ["LIMIT", 1]]
  [1m[35m (0.0ms)[0m  [1m[36mbegin transaction[0m
  [1m[36mUser Load (0.0ms)[0m  [1m[34mSELECT  "users".* FROM "users" WHERE "users"."id" = ? LIMIT ?[0m  [["id", 1], ["LIMIT", 1]]
  [1m[35mSQL (0.2ms)[0m  [1m[33mUPDATE "tasks" SET "done" = ?, "updated_at" = ? WHERE "tasks"."id" = ?[0m  [["done", true], ["updated_at", 2016-08-08 19:54:00 UTC], ["id", 4]]
  [1m[35m (1.2ms)[0m  [1m[36mcommit transaction[0m
Redirected to http://localhost:4000/tasks/4
Completed 302 Found in 7ms (ActiveRecord: 1.6ms)


Started GET "/tasks/4" for ::1 at 2016-08-08 15:54:00 -0400
Processing by TasksController#show as HTML
  Parameters: {"id"=>"4"}
  [1m[36mUser Load (0.2ms)[0m  [1m[34mSELECT  "users".* FROM "users" WHERE "users"."id" = ? ORDER BY "users"."id" ASC LIMIT ?[0m  [["id", 2], ["LIMIT", 1]]
  [1m[36mTask Load (0.1ms)[0m  [1m[34mSELECT  "tasks".* FROM "tasks" WHERE "tasks"."id" = ? LIMIT ?[0m  [["id", 4], ["LIMIT", 1]]
  Rendering tasks/show.html.erb within layouts/application
  [1m[36mUser Load (0.1ms)[0m  [1m[34mSELECT  "users".* FROM "users" WHERE "users"."id" = ? LIMIT ?[0m  [["id", 1], ["LIMIT", 1]]
  Rendered tasks/show.html.erb within layouts/application (3.8ms)
Completed 200 OK in 61ms (Views: 57.6ms | ActiveRecord: 0.3ms)


Started GET "/tasks" for ::1 at 2016-08-08 15:54:03 -0400
Processing by TasksController#index as HTML
  [1m[36mUser Load (0.2ms)[0m  [1m[34mSELECT  "users".* FROM "users" WHERE "users"."id" = ? ORDER BY "users"."id" ASC LIMIT ?[0m  [["id", 2], ["LIMIT", 1]]
  Rendering tasks/index.html.erb within layouts/application
  [1m[36mTask Load (0.1ms)[0m  [1m[34mSELECT "tasks".* FROM "tasks"[0m
  [1m[36mUser Load (0.1ms)[0m  [1m[34mSELECT  "users".* FROM "users" WHERE "users"."id" = ? LIMIT ?[0m  [["id", 1], ["LIMIT", 1]]
  [1m[36mUser Load (0.0ms)[0m  [1m[34mSELECT  "users".* FROM "users" WHERE "users"."id" = ? LIMIT ?[0m  [["id", 3], ["LIMIT", 1]]
  [1m[36mCACHE (0.0ms)[0m  [1m[34mSELECT  "users".* FROM "users" WHERE "users"."id" = ? LIMIT ?[0m  [["id", 1], ["LIMIT", 1]]
  [1m[36mCACHE (0.0ms)[0m  [1m[34mSELECT  "users".* FROM "users" WHERE "users"."id" = ? LIMIT ?[0m  [["id", 1], ["LIMIT", 1]]
  Rendered tasks/index.html.erb within layouts/application (8.9ms)
Completed 200 OK in 62ms (Views: 58.9ms | ActiveRecord: 0.5ms)


